[../data\application_test.csv.zip] Summary info shape: (48744, 121)
--SK_ID_CURR: 
--NA count[ 0 ];Numeric stat: [(0.0, 100001.0), (0.25, 188557.75), (0.5, 277549.0), (0.75, 367555.5), (1.0, 456250.0), ('nunique', 48744), ('mean', 277796.6763), ('std', 103169.5473)]
------------------------------------------------------------------------------------------
--NAME_CONTRACT_TYPE: 
--NA count[ 0 ];Category count: [('Cash loans', 48305), ('Revolving loans', 439)]
------------------------------------------------------------------------------------------
--CODE_GENDER: 
--NA count[ 0 ];Category count: [('F', 32678), ('M', 16066)]
------------------------------------------------------------------------------------------
--FLAG_OWN_CAR: 
--NA count[ 0 ];Category count: [('N', 32311), ('Y', 16433)]
------------------------------------------------------------------------------------------
--FLAG_OWN_REALTY: 
--NA count[ 0 ];Category count: [('Y', 33658), ('N', 15086)]
------------------------------------------------------------------------------------------
--CNT_CHILDREN: 
--NA count[ 0 ];Numeric stat: [(0.0, 0.0), (0.25, 0.0), (0.5, 0.0), (0.75, 1.0), (1.0, 20.0), ('nunique', 11), ('mean', 0.3971), ('std', 0.709)]
------------------------------------------------------------------------------------------
--AMT_INCOME_TOTAL: 
--NA count[ 0 ];Numeric stat: [(0.0, 26941.5), (0.25, 112500.0), (0.5, 157500.0), (0.75, 225000.0), (1.0, 4410000.0), ('nunique', 606), ('mean', 178431.8059), ('std', 101522.5915)]
------------------------------------------------------------------------------------------
--AMT_CREDIT: 
--NA count[ 0 ];Numeric stat: [(0.0, 45000.0), (0.25, 260640.0), (0.5, 450000.0), (0.75, 675000.0), (1.0, 2245500.0), ('nunique', 2937), ('mean', 516740.4356), ('std', 365397.0042)]
------------------------------------------------------------------------------------------
--AMT_ANNUITY: 
--NA count[ 24 ];Numeric stat: [(0.0, 2295.0), (0.25, 17973.0), (0.5, 26199.0), (0.75, 37390.5), (1.0, 180576.0), ('nunique', 7491), ('mean', 29426.2402), ('std', 16016.3683)]
------------------------------------------------------------------------------------------
--AMT_GOODS_PRICE: 
--NA count[ 0 ];Numeric stat: [(0.0, 45000.0), (0.25, 225000.0), (0.5, 396000.0), (0.75, 630000.0), (1.0, 2245500.0), ('nunique', 677), ('mean', 462618.8405), ('std', 336710.215)]
------------------------------------------------------------------------------------------
--NAME_TYPE_SUITE: 
--NA count[ 911 ];Category count: [('Unaccompanied', 39727), ('Family', 5881), ('Spouse, partner', 1448), ('Children', 408), ('Other_B', 211), ('Other_A', 109), ('Group of people', 49)]
------------------------------------------------------------------------------------------
--NAME_INCOME_TYPE: 
--NA count[ 0 ];Category count: [('Working', 24533), ('Commercial associate', 11402), ('Pensioner', 9273), ('State servant', 3532), ('Student', 2), ('Unemployed', 1), ('Businessman', 1)]
------------------------------------------------------------------------------------------
--NAME_EDUCATION_TYPE: 
--NA count[ 0 ];Category count: [('Secondary / secondary special', 33988), ('Higher education', 12516), ('Incomplete higher', 1724), ('Lower secondary', 475), ('Academic degree', 41)]
------------------------------------------------------------------------------------------
--NAME_FAMILY_STATUS: 
--NA count[ 0 ];Category count: [('Married', 32283), ('Single / not married', 7036), ('Civil marriage', 4261), ('Separated', 2955), ('Widow', 2209)]
------------------------------------------------------------------------------------------
--NAME_HOUSING_TYPE: 
--NA count[ 0 ];Category count: [('House / apartment', 43645), ('With parents', 2234), ('Municipal apartment', 1617), ('Rented apartment', 718), ('Office apartment', 407), ('Co-op apartment', 123)]
------------------------------------------------------------------------------------------
--REGION_POPULATION_RELATIVE: 
--NA count[ 0 ];Numeric stat: [(0.0, 0.0003), (0.25, 0.01), (0.5, 0.0188), (0.75, 0.0287), (1.0, 0.0725), ('nunique', 81), ('mean', 0.0212), ('std', 0.0144)]
------------------------------------------------------------------------------------------
--DAYS_BIRTH: 
--NA count[ 0 ];Numeric stat: [(0.0, -25195.0), (0.25, -19637.0), (0.5, -15785.0), (0.75, -12496.0), (1.0, -7338.0), ('nunique', 15477), ('mean', -16068.0846), ('std', 4325.9004)]
------------------------------------------------------------------------------------------
--DAYS_EMPLOYED: 
--NA count[ 0 ];Numeric stat: [(0.0, -17463.0), (0.25, -2910.0), (0.5, -1293.0), (0.75, -296.0), (1.0, 365243.0), ('nunique', 7863), ('mean', 67485.3663), ('std', 144348.5071)]
------------------------------------------------------------------------------------------
--DAYS_REGISTRATION: 
--NA count[ 0 ];Numeric stat: [(0.0, -23722.0), (0.25, -7459.25), (0.5, -4490.0), (0.75, -1901.0), (1.0, 0.0), ('nunique', 12618), ('mean', -4967.6527), ('std', 3552.612)]
------------------------------------------------------------------------------------------
--DAYS_ID_PUBLISH: 
--NA count[ 0 ];Numeric stat: [(0.0, -6348.0), (0.25, -4448.0), (0.5, -3234.0), (0.75, -1706.0), (1.0, 0.0), ('nunique', 5880), ('mean', -3051.7129), ('std', 1569.2767)]
------------------------------------------------------------------------------------------
--OWN_CAR_AGE: 
--NA count[ 32312 ];Numeric stat: [(0.0, 0.0), (0.25, 4.0), (0.5, 9.0), (0.75, 15.0), (1.0, 74.0), ('nunique', 52), ('mean', 11.786), ('std', 11.4629)]
------------------------------------------------------------------------------------------
--FLAG_MOBIL: 
--NA count[ 0 ];Numeric stat: [(0.0, 0.0), (0.25, 1.0), (0.5, 1.0), (0.75, 1.0), (1.0, 1.0), ('nunique', 2), ('mean', 1.0), ('std', 0.0045)]
------------------------------------------------------------------------------------------
--FLAG_EMP_PHONE: 
--NA count[ 0 ];Numeric stat: [(0.0, 0.0), (0.25, 1.0), (0.5, 1.0), (0.75, 1.0), (1.0, 1.0), ('nunique', 2), ('mean', 0.8097), ('std', 0.3925)]
------------------------------------------------------------------------------------------
--FLAG_WORK_PHONE: 
--NA count[ 0 ];Numeric stat: [(0.0, 0.0), (0.25, 0.0), (0.5, 0.0), (0.75, 0.0), (1.0, 1.0), ('nunique', 2), ('mean', 0.2047), ('std', 0.4035)]
------------------------------------------------------------------------------------------
--FLAG_CONT_MOBILE: 
--NA count[ 0 ];Numeric stat: [(0.0, 0.0), (0.25, 1.0), (0.5, 1.0), (0.75, 1.0), (1.0, 1.0), ('nunique', 2), ('mean', 0.9984), ('std', 0.04)]
------------------------------------------------------------------------------------------
--FLAG_PHONE: 
--NA count[ 0 ];Numeric stat: [(0.0, 0.0), (0.25, 0.0), (0.5, 0.0), (0.75, 1.0), (1.0, 1.0), ('nunique', 2), ('mean', 0.2631), ('std', 0.4403)]
------------------------------------------------------------------------------------------
--FLAG_EMAIL: 
--NA count[ 0 ];Numeric stat: [(0.0, 0.0), (0.25, 0.0), (0.5, 0.0), (0.75, 0.0), (1.0, 1.0), ('nunique', 2), ('mean', 0.1626), ('std', 0.369)]
------------------------------------------------------------------------------------------
--OCCUPATION_TYPE: 
--NA count[ 15605 ];Category count: [('Laborers', 8655), ('Sales staff', 5072), ('Core staff', 4361), ('Managers', 3574), ('Drivers', 2773), ('High skill tech staff', 1854), ('Accountants', 1628), ('Medicine staff', 1316), ('Security staff', 915), ('Cooking staff', 894), ('Cleaning staff', 656), ('Private service staff', 455), ('Low-skill Laborers', 272), ('Secretaries', 213), ('Waiters/barmen staff', 178), ('Realty agents', 138), ('HR staff', 104), ('IT staff', 81)]
------------------------------------------------------------------------------------------
--CNT_FAM_MEMBERS: 
--NA count[ 0 ];Numeric stat: [(0.0, 1.0), (0.25, 2.0), (0.5, 2.0), (0.75, 3.0), (1.0, 21.0), ('nunique', 12), ('mean', 2.1468), ('std', 0.8904)]
------------------------------------------------------------------------------------------
--REGION_RATING_CLIENT: 
--NA count[ 0 ];Numeric stat: [(0.0, 1.0), (0.25, 2.0), (0.5, 2.0), (0.75, 2.0), (1.0, 3.0), ('nunique', 3), ('mean', 2.0382), ('std', 0.5227)]
------------------------------------------------------------------------------------------
--REGION_RATING_CLIENT_W_CITY: 
--NA count[ 0 ];Numeric stat: [(0.0, -1.0), (0.25, 2.0), (0.5, 2.0), (0.75, 2.0), (1.0, 3.0), ('nunique', 4), ('mean', 2.0126), ('std', 0.5158)]
------------------------------------------------------------------------------------------
--WEEKDAY_APPR_PROCESS_START: 
--NA count[ 0 ];Category count: [('TUESDAY', 9751), ('WEDNESDAY', 8457), ('THURSDAY', 8418), ('MONDAY', 8406), ('FRIDAY', 7250), ('SATURDAY', 4603), ('SUNDAY', 1859)]
------------------------------------------------------------------------------------------
--HOUR_APPR_PROCESS_START: 
--NA count[ 0 ];Numeric stat: [(0.0, 0.0), (0.25, 10.0), (0.5, 12.0), (0.75, 14.0), (1.0, 23.0), ('nunique', 24), ('mean', 12.0074), ('std', 3.2782)]
------------------------------------------------------------------------------------------
--REG_REGION_NOT_LIVE_REGION: 
--NA count[ 0 ];Numeric stat: [(0.0, 0.0), (0.25, 0.0), (0.5, 0.0), (0.75, 0.0), (1.0, 1.0), ('nunique', 2), ('mean', 0.0188), ('std', 0.1359)]
------------------------------------------------------------------------------------------
--REG_REGION_NOT_WORK_REGION: 
--NA count[ 0 ];Numeric stat: [(0.0, 0.0), (0.25, 0.0), (0.5, 0.0), (0.75, 0.0), (1.0, 1.0), ('nunique', 2), ('mean', 0.0552), ('std', 0.2283)]
------------------------------------------------------------------------------------------
--LIVE_REGION_NOT_WORK_REGION: 
--NA count[ 0 ];Numeric stat: [(0.0, 0.0), (0.25, 0.0), (0.5, 0.0), (0.75, 0.0), (1.0, 1.0), ('nunique', 2), ('mean', 0.042), ('std', 0.2007)]
------------------------------------------------------------------------------------------
--REG_CITY_NOT_LIVE_CITY: 
--NA count[ 0 ];Numeric stat: [(0.0, 0.0), (0.25, 0.0), (0.5, 0.0), (0.75, 0.0), (1.0, 1.0), ('nunique', 2), ('mean', 0.0775), ('std', 0.2673)]
------------------------------------------------------------------------------------------
--REG_CITY_NOT_WORK_CITY: 
--NA count[ 0 ];Numeric stat: [(0.0, 0.0), (0.25, 0.0), (0.5, 0.0), (0.75, 0.0), (1.0, 1.0), ('nunique', 2), ('mean', 0.2247), ('std', 0.4174)]
------------------------------------------------------------------------------------------
--LIVE_CITY_NOT_WORK_CITY: 
--NA count[ 0 ];Numeric stat: [(0.0, 0.0), (0.25, 0.0), (0.5, 0.0), (0.75, 0.0), (1.0, 1.0), ('nunique', 2), ('mean', 0.1742), ('std', 0.3793)]
------------------------------------------------------------------------------------------
--ORGANIZATION_TYPE: 
--NA count[ 0 ];Category count: [('Business Entity Type 3', 10840), ('XNA', 9274), ('Self-employed', 5920), ('Other', 2707), ('Medicine', 1716), ('Government', 1508), ('Business Entity Type 2', 1479), ('Trade: type 7', 1303), ('School', 1287), ('Construction', 1039), ('Kindergarten', 1038), ('Business Entity Type 1', 887), ('Transport: type 4', 884), ('Trade: type 3', 578), ('Military', 530), ('Industry: type 9', 499), ('Industry: type 3', 489), ('Security', 472), ('Transport: type 2', 448), ('Police', 441), ('Housing', 435), ('Industry: type 11', 416), ('Bank', 374), ('Security Ministries', 341), ('Services', 302), ('Postal', 294), ('Agriculture', 292), ('Restaurant', 284), ('Trade: type 2', 242), ('University', 221), ('Industry: type 7', 217), ('Industry: type 1', 178), ('Transport: type 3', 174), ('Industry: type 4', 167), ('Electricity', 156), ('Hotel', 134), ('Trade: type 6', 122), ('Industry: type 5', 97), ('Telecom', 95), ('Emergency', 91), ('Insurance', 80), ('Industry: type 12', 77), ('Industry: type 2', 77), ('Realtor', 72), ('Advertising', 71), ('Trade: type 1', 64), ('Culture', 61), ('Legal Services', 53), ('Mobile', 45), ('Cleaning', 43), ('Transport: type 1', 35), ('Industry: type 6', 27), ('Industry: type 10', 24), ('Trade: type 4', 14), ('Religion', 12), ('Trade: type 5', 9), ('Industry: type 13', 6), ('Industry: type 8', 3)]
------------------------------------------------------------------------------------------
--EXT_SOURCE_1: 
--NA count[ 20532 ];Numeric stat: [(0.0, 0.0135), (0.25, 0.3437), (0.5, 0.5068), (0.75, 0.666), (1.0, 0.9391), ('nunique', 27207), ('mean', 0.5012), ('std', 0.2051)]
------------------------------------------------------------------------------------------
--EXT_SOURCE_2: 
--NA count[ 8 ];Numeric stat: [(0.0, 0.0), (0.25, 0.4081), (0.5, 0.5588), (0.75, 0.6585), (1.0, 0.855), ('nunique', 38885), ('mean', 0.518), ('std', 0.1813)]
------------------------------------------------------------------------------------------
--EXT_SOURCE_3: 
--NA count[ 8668 ];Numeric stat: [(0.0, 0.0005), (0.25, 0.3639), (0.5, 0.5191), (0.75, 0.6529), (1.0, 0.8825), ('nunique', 702), ('mean', 0.5001), ('std', 0.1895)]
------------------------------------------------------------------------------------------
--APARTMENTS_AVG: 
--NA count[ 23887 ];Numeric stat: [(0.0, 0.0), (0.25, 0.0619), (0.5, 0.0928), (0.75, 0.1485), (1.0, 1.0), ('nunique', 1543), ('mean', 0.1224), ('std', 0.1131)]
------------------------------------------------------------------------------------------
--BASEMENTAREA_AVG: 
--NA count[ 27641 ];Numeric stat: [(0.0, 0.0), (0.25, 0.0467), (0.5, 0.0781), (0.75, 0.1134), (1.0, 1.0), ('nunique', 2816), ('mean', 0.0901), ('std', 0.0815)]
------------------------------------------------------------------------------------------
--YEARS_BEGINEXPLUATATION_AVG: 
--NA count[ 22856 ];Numeric stat: [(0.0, 0.0), (0.25, 0.9767), (0.5, 0.9816), (0.75, 0.9866), (1.0, 1.0), ('nunique', 175), ('mean', 0.9788), ('std', 0.0493)]
------------------------------------------------------------------------------------------
--YEARS_BUILD_AVG: 
--NA count[ 31818 ];Numeric stat: [(0.0, 0.0), (0.25, 0.6872), (0.5, 0.7552), (0.75, 0.8164), (1.0, 1.0), ('nunique', 130), ('mean', 0.7511), ('std', 0.1132)]
------------------------------------------------------------------------------------------
--COMMONAREA_AVG: 
--NA count[ 33495 ];Numeric stat: [(0.0, 0.0), (0.25, 0.0081), (0.5, 0.0227), (0.75, 0.0539), (1.0, 1.0), ('nunique', 2042), ('mean', 0.0476), ('std', 0.0829)]
------------------------------------------------------------------------------------------
--ELEVATORS_AVG: 
--NA count[ 25189 ];Numeric stat: [(0.0, 0.0), (0.25, 0.0), (0.5, 0.0), (0.75, 0.16), (1.0, 1.0), ('nunique', 181), ('mean', 0.0852), ('std', 0.1392)]
------------------------------------------------------------------------------------------
--ENTRANCES_AVG: 
--NA count[ 23579 ];Numeric stat: [(0.0, 0.0), (0.25, 0.0745), (0.5, 0.1379), (0.75, 0.2069), (1.0, 1.0), ('nunique', 200), ('mean', 0.1518), ('std', 0.1007)]
------------------------------------------------------------------------------------------
--FLOORSMAX_AVG: 
--NA count[ 23321 ];Numeric stat: [(0.0, 0.0), (0.25, 0.1667), (0.5, 0.1667), (0.75, 0.3333), (1.0, 1.0), ('nunique', 252), ('mean', 0.2337), ('std', 0.1474)]
------------------------------------------------------------------------------------------
--FLOORSMIN_AVG: 
--NA count[ 32466 ];Numeric stat: [(0.0, 0.0), (0.25, 0.1042), (0.5, 0.2083), (0.75, 0.375), (1.0, 1.0), ('nunique', 198), ('mean', 0.2384), ('std', 0.165)]
------------------------------------------------------------------------------------------
--LANDAREA_AVG: 
--NA count[ 28254 ];Numeric stat: [(0.0, 0.0), (0.25, 0.019), (0.5, 0.0483), (0.75, 0.0868), (1.0, 1.0), ('nunique', 2540), ('mean', 0.0672), ('std', 0.0819)]
------------------------------------------------------------------------------------------
--LIVINGAPARTMENTS_AVG: 
--NA count[ 32780 ];Numeric stat: [(0.0, 0.0), (0.25, 0.0504), (0.5, 0.0756), (0.75, 0.1269), (1.0, 1.0), ('nunique', 1211), ('mean', 0.1059), ('std', 0.0983)]
------------------------------------------------------------------------------------------
--LIVINGAREA_AVG: 
--NA count[ 23552 ];Numeric stat: [(0.0, 0.0), (0.25, 0.0486), (0.5, 0.077), (0.75, 0.1376), (1.0, 1.0), ('nunique', 3848), ('mean', 0.1123), ('std', 0.1149)]
------------------------------------------------------------------------------------------
--NONLIVINGAPARTMENTS_AVG: 
--NA count[ 33347 ];Numeric stat: [(0.0, 0.0), (0.25, 0.0), (0.5, 0.0), (0.75, 0.0051), (1.0, 1.0), ('nunique', 241), ('mean', 0.0092), ('std', 0.0487)]
------------------------------------------------------------------------------------------
--NONLIVINGAREA_AVG: 
--NA count[ 26084 ];Numeric stat: [(0.0, 0.0), (0.25, 0.0), (0.5, 0.0038), (0.75, 0.029), (1.0, 1.0), ('nunique', 2026), ('mean', 0.0294), ('std', 0.072)]
------------------------------------------------------------------------------------------
--APARTMENTS_MODE: 
--NA count[ 23887 ];Numeric stat: [(0.0, 0.0), (0.25, 0.0588), (0.5, 0.0851), (0.75, 0.1502), (1.0, 1.0), ('nunique', 636), ('mean', 0.1191), ('std', 0.1135)]
------------------------------------------------------------------------------------------
--BASEMENTAREA_MODE: 
--NA count[ 27641 ];Numeric stat: [(0.0, 0.0), (0.25, 0.0425), (0.5, 0.077), (0.75, 0.1136), (1.0, 1.0), ('nunique', 2835), ('mean', 0.089), ('std', 0.0827)]
------------------------------------------------------------------------------------------
--YEARS_BEGINEXPLUATATION_MODE: 
--NA count[ 22856 ];Numeric stat: [(0.0, 0.0), (0.25, 0.9762), (0.5, 0.9816), (0.75, 0.9866), (1.0, 1.0), ('nunique', 160), ('mean', 0.9783), ('std', 0.0538)]
------------------------------------------------------------------------------------------
--YEARS_BUILD_MODE: 
--NA count[ 31818 ];Numeric stat: [(0.0, 0.0), (0.25, 0.6929), (0.5, 0.7583), (0.75, 0.8236), (1.0, 1.0), ('nunique', 132), ('mean', 0.7583), ('std', 0.1101)]
------------------------------------------------------------------------------------------
--COMMONAREA_MODE: 
--NA count[ 33495 ];Numeric stat: [(0.0, 0.0), (0.25, 0.0076), (0.5, 0.0203), (0.75, 0.0517), (1.0, 1.0), ('nunique', 2001), ('mean', 0.0452), ('std', 0.0812)]
------------------------------------------------------------------------------------------
--ELEVATORS_MODE: 
--NA count[ 25189 ];Numeric stat: [(0.0, 0.0), (0.25, 0.0), (0.5, 0.0), (0.75, 0.1208), (1.0, 1.0), ('nunique', 26), ('mean', 0.0806), ('std', 0.1375)]
------------------------------------------------------------------------------------------
--ENTRANCES_MODE: 
--NA count[ 23579 ];Numeric stat: [(0.0, 0.0), (0.25, 0.069), (0.5, 0.1379), (0.75, 0.2069), (1.0, 1.0), ('nunique', 30), ('mean', 0.1472), ('std', 0.1017)]
------------------------------------------------------------------------------------------
--FLOORSMAX_MODE: 
--NA count[ 23321 ];Numeric stat: [(0.0, 0.0), (0.25, 0.1667), (0.5, 0.1667), (0.75, 0.3333), (1.0, 1.0), ('nunique', 25), ('mean', 0.2294), ('std', 0.1465)]
------------------------------------------------------------------------------------------
--FLOORSMIN_MODE: 
--NA count[ 32466 ];Numeric stat: [(0.0, 0.0), (0.25, 0.0833), (0.5, 0.2083), (0.75, 0.375), (1.0, 1.0), ('nunique', 25), ('mean', 0.2339), ('std', 0.165)]
------------------------------------------------------------------------------------------
--LANDAREA_MODE: 
--NA count[ 28254 ];Numeric stat: [(0.0, 0.0), (0.25, 0.0165), (0.5, 0.0462), (0.75, 0.0856), (1.0, 1.0), ('nunique', 2560), ('mean', 0.0659), ('std', 0.0829)]
------------------------------------------------------------------------------------------
--LIVINGAPARTMENTS_MODE: 
--NA count[ 32780 ];Numeric stat: [(0.0, 0.0), (0.25, 0.0551), (0.5, 0.0817), (0.75, 0.1322), (1.0, 1.0), ('nunique', 602), ('mean', 0.1109), ('std', 0.104)]
------------------------------------------------------------------------------------------
--LIVINGAREA_MODE: 
--NA count[ 23552 ];Numeric stat: [(0.0, 0.0), (0.25, 0.0456), (0.5, 0.0751), (0.75, 0.1306), (1.0, 1.0), ('nunique', 3842), ('mean', 0.1107), ('std', 0.1167)]
------------------------------------------------------------------------------------------
--NONLIVINGAPARTMENTS_MODE: 
--NA count[ 33347 ];Numeric stat: [(0.0, 0.0), (0.25, 0.0), (0.5, 0.0), (0.75, 0.0039), (1.0, 1.0), ('nunique', 106), ('mean', 0.0084), ('std', 0.0467)]
------------------------------------------------------------------------------------------
--NONLIVINGAREA_MODE: 
--NA count[ 26084 ];Numeric stat: [(0.0, 0.0), (0.25, 0.0), (0.5, 0.0012), (0.75, 0.0245), (1.0, 1.0), ('nunique', 2025), ('mean', 0.0282), ('std', 0.0735)]
------------------------------------------------------------------------------------------
--APARTMENTS_MEDI: 
--NA count[ 23887 ];Numeric stat: [(0.0, 0.0), (0.25, 0.0625), (0.5, 0.0926), (0.75, 0.1499), (1.0, 1.0), ('nunique', 918), ('mean', 0.1228), ('std', 0.1142)]
------------------------------------------------------------------------------------------
--BASEMENTAREA_MEDI: 
--NA count[ 27641 ];Numeric stat: [(0.0, 0.0), (0.25, 0.0461), (0.5, 0.0778), (0.75, 0.113), (1.0, 1.0), ('nunique', 2805), ('mean', 0.0895), ('std', 0.081)]
------------------------------------------------------------------------------------------
--YEARS_BEGINEXPLUATATION_MEDI: 
--NA count[ 22856 ];Numeric stat: [(0.0, 0.0), (0.25, 0.9767), (0.5, 0.9816), (0.75, 0.9866), (1.0, 1.0), ('nunique', 169), ('mean', 0.9788), ('std', 0.0497)]
------------------------------------------------------------------------------------------
--YEARS_BUILD_MEDI: 
--NA count[ 31818 ];Numeric stat: [(0.0, 0.0), (0.25, 0.6914), (0.5, 0.7585), (0.75, 0.8189), (1.0, 1.0), ('nunique', 129), ('mean', 0.7543), ('std', 0.112)]
------------------------------------------------------------------------------------------
--COMMONAREA_MEDI: 
--NA count[ 33495 ];Numeric stat: [(0.0, 0.0), (0.25, 0.008), (0.5, 0.0223), (0.75, 0.0538), (1.0, 1.0), ('nunique', 2034), ('mean', 0.0474), ('std', 0.0829)]
------------------------------------------------------------------------------------------
--ELEVATORS_MEDI: 
--NA count[ 25189 ];Numeric stat: [(0.0, 0.0), (0.25, 0.0), (0.5, 0.0), (0.75, 0.16), (1.0, 1.0), ('nunique', 43), ('mean', 0.0841), ('std', 0.139)]
------------------------------------------------------------------------------------------
--ENTRANCES_MEDI: 
--NA count[ 23579 ];Numeric stat: [(0.0, 0.0), (0.25, 0.069), (0.5, 0.1379), (0.75, 0.2069), (1.0, 1.0), ('nunique', 43), ('mean', 0.1512), ('std', 0.1009)]
------------------------------------------------------------------------------------------
--FLOORSMAX_MEDI: 
--NA count[ 23321 ];Numeric stat: [(0.0, 0.0), (0.25, 0.1667), (0.5, 0.1667), (0.75, 0.3333), (1.0, 1.0), ('nunique', 47), ('mean', 0.2332), ('std', 0.1476)]
------------------------------------------------------------------------------------------
--FLOORSMIN_MEDI: 
--NA count[ 32466 ];Numeric stat: [(0.0, 0.0), (0.25, 0.0833), (0.5, 0.2083), (0.75, 0.375), (1.0, 1.0), ('nunique', 44), ('mean', 0.2378), ('std', 0.1652)]
------------------------------------------------------------------------------------------
--LANDAREA_MEDI: 
--NA count[ 28254 ];Numeric stat: [(0.0, 0.0), (0.25, 0.019), (0.5, 0.0488), (0.75, 0.088), (1.0, 1.0), ('nunique', 2562), ('mean', 0.0681), ('std', 0.0829)]
------------------------------------------------------------------------------------------
--LIVINGAPARTMENTS_MEDI: 
--NA count[ 32780 ];Numeric stat: [(0.0, 0.0), (0.25, 0.0513), (0.5, 0.077), (0.75, 0.1266), (1.0, 1.0), ('nunique', 843), ('mean', 0.1071), ('std', 0.0997)]
------------------------------------------------------------------------------------------
--LIVINGAREA_MEDI: 
--NA count[ 23552 ];Numeric stat: [(0.0, 0.0), (0.25, 0.049), (0.5, 0.0776), (0.75, 0.1374), (1.0, 1.0), ('nunique', 3885), ('mean', 0.1134), ('std', 0.1165)]
------------------------------------------------------------------------------------------
--NONLIVINGAPARTMENTS_MEDI: 
--NA count[ 33347 ];Numeric stat: [(0.0, 0.0), (0.25, 0.0), (0.5, 0.0), (0.75, 0.0039), (1.0, 1.0), ('nunique', 134), ('mean', 0.009), ('std', 0.0481)]
------------------------------------------------------------------------------------------
--NONLIVINGAREA_MEDI: 
--NA count[ 26084 ];Numeric stat: [(0.0, 0.0), (0.25, 0.0), (0.5, 0.0031), (0.75, 0.028), (1.0, 1.0), ('nunique', 2030), ('mean', 0.0293), ('std', 0.073)]
------------------------------------------------------------------------------------------
--FONDKAPREMONT_MODE: 
--NA count[ 32797 ];Category count: [('reg oper account', 12124), ('reg oper spec account', 1990), ('org spec account', 920), ('not specified', 913)]
------------------------------------------------------------------------------------------
--HOUSETYPE_MODE: 
--NA count[ 23619 ];Category count: [('block of flats', 24659), ('specific housing', 262), ('terraced house', 204)]
------------------------------------------------------------------------------------------
--TOTALAREA_MODE: 
--NA count[ 22624 ];Numeric stat: [(0.0, 0.0), (0.25, 0.0432), (0.5, 0.0707), (0.75, 0.1357), (1.0, 1.0), ('nunique', 3820), ('mean', 0.1071), ('std', 0.1114)]
------------------------------------------------------------------------------------------
--WALLSMATERIAL_MODE: 
--NA count[ 23893 ];Category count: [('Panel', 11269), ('Stone, brick', 10434), ('Block', 1428), ('Wooden', 794), ('Mixed', 353), ('Monolithic', 289), ('Others', 284)]
------------------------------------------------------------------------------------------
--EMERGENCYSTATE_MODE: 
--NA count[ 22209 ];Category count: [('No', 26179), ('Yes', 356)]
------------------------------------------------------------------------------------------
--OBS_30_CNT_SOCIAL_CIRCLE: 
--NA count[ 29 ];Numeric stat: [(0.0, 0.0), (0.25, 0.0), (0.5, 0.0), (0.75, 2.0), (1.0, 354.0), ('nunique', 28), ('mean', 1.4476), ('std', 3.6081)]
------------------------------------------------------------------------------------------
--DEF_30_CNT_SOCIAL_CIRCLE: 
--NA count[ 29 ];Numeric stat: [(0.0, 0.0), (0.25, 0.0), (0.5, 0.0), (0.75, 0.0), (1.0, 34.0), ('nunique', 8), ('mean', 0.1437), ('std', 0.5144)]
------------------------------------------------------------------------------------------
--OBS_60_CNT_SOCIAL_CIRCLE: 
--NA count[ 29 ];Numeric stat: [(0.0, 0.0), (0.25, 0.0), (0.5, 0.0), (0.75, 2.0), (1.0, 351.0), ('nunique', 27), ('mean', 1.4357), ('std', 3.5801)]
------------------------------------------------------------------------------------------
--DEF_60_CNT_SOCIAL_CIRCLE: 
--NA count[ 29 ];Numeric stat: [(0.0, 0.0), (0.25, 0.0), (0.5, 0.0), (0.75, 0.0), (1.0, 24.0), ('nunique', 7), ('mean', 0.1011), ('std', 0.4038)]
------------------------------------------------------------------------------------------
--DAYS_LAST_PHONE_CHANGE: 
--NA count[ 0 ];Numeric stat: [(0.0, -4361.0), (0.25, -1766.25), (0.5, -863.0), (0.75, -363.0), (1.0, 0.0), ('nunique', 3579), ('mean', -1077.7662), ('std', 878.9207)]
------------------------------------------------------------------------------------------
--FLAG_DOCUMENT_2: 
--NA count[ 0 ];Numeric stat: [(0.0, 0.0), (0.25, 0.0), (0.5, 0.0), (0.75, 0.0), (1.0, 0.0), ('nunique', 1), ('mean', 0.0), ('std', 0.0)]
------------------------------------------------------------------------------------------
--FLAG_DOCUMENT_3: 
--NA count[ 0 ];Numeric stat: [(0.0, 0.0), (0.25, 1.0), (0.5, 1.0), (0.75, 1.0), (1.0, 1.0), ('nunique', 2), ('mean', 0.7866), ('std', 0.4097)]
------------------------------------------------------------------------------------------
--FLAG_DOCUMENT_4: 
--NA count[ 0 ];Numeric stat: [(0.0, 0.0), (0.25, 0.0), (0.5, 0.0), (0.75, 0.0), (1.0, 1.0), ('nunique', 2), ('mean', 0.0001), ('std', 0.0101)]
------------------------------------------------------------------------------------------
--FLAG_DOCUMENT_5: 
--NA count[ 0 ];Numeric stat: [(0.0, 0.0), (0.25, 0.0), (0.5, 0.0), (0.75, 0.0), (1.0, 1.0), ('nunique', 2), ('mean', 0.0148), ('std', 0.1206)]
------------------------------------------------------------------------------------------
--FLAG_DOCUMENT_6: 
--NA count[ 0 ];Numeric stat: [(0.0, 0.0), (0.25, 0.0), (0.5, 0.0), (0.75, 0.0), (1.0, 1.0), ('nunique', 2), ('mean', 0.0875), ('std', 0.2825)]
------------------------------------------------------------------------------------------
--FLAG_DOCUMENT_7: 
--NA count[ 0 ];Numeric stat: [(0.0, 0.0), (0.25, 0.0), (0.5, 0.0), (0.75, 0.0), (1.0, 1.0), ('nunique', 2), ('mean', 0.0), ('std', 0.0064)]
------------------------------------------------------------------------------------------
--FLAG_DOCUMENT_8: 
--NA count[ 0 ];Numeric stat: [(0.0, 0.0), (0.25, 0.0), (0.5, 0.0), (0.75, 0.0), (1.0, 1.0), ('nunique', 2), ('mean', 0.0885), ('std', 0.284)]
------------------------------------------------------------------------------------------
--FLAG_DOCUMENT_9: 
--NA count[ 0 ];Numeric stat: [(0.0, 0.0), (0.25, 0.0), (0.5, 0.0), (0.75, 0.0), (1.0, 1.0), ('nunique', 2), ('mean', 0.0045), ('std', 0.0669)]
------------------------------------------------------------------------------------------
--FLAG_DOCUMENT_10: 
--NA count[ 0 ];Numeric stat: [(0.0, 0.0), (0.25, 0.0), (0.5, 0.0), (0.75, 0.0), (1.0, 0.0), ('nunique', 1), ('mean', 0.0), ('std', 0.0)]
------------------------------------------------------------------------------------------
--FLAG_DOCUMENT_11: 
--NA count[ 0 ];Numeric stat: [(0.0, 0.0), (0.25, 0.0), (0.5, 0.0), (0.75, 0.0), (1.0, 1.0), ('nunique', 2), ('mean', 0.0012), ('std', 0.0342)]
------------------------------------------------------------------------------------------
--FLAG_DOCUMENT_12: 
--NA count[ 0 ];Numeric stat: [(0.0, 0.0), (0.25, 0.0), (0.5, 0.0), (0.75, 0.0), (1.0, 0.0), ('nunique', 1), ('mean', 0.0), ('std', 0.0)]
------------------------------------------------------------------------------------------
--FLAG_DOCUMENT_13: 
--NA count[ 0 ];Numeric stat: [(0.0, 0.0), (0.25, 0.0), (0.5, 0.0), (0.75, 0.0), (1.0, 0.0), ('nunique', 1), ('mean', 0.0), ('std', 0.0)]
------------------------------------------------------------------------------------------
--FLAG_DOCUMENT_14: 
--NA count[ 0 ];Numeric stat: [(0.0, 0.0), (0.25, 0.0), (0.5, 0.0), (0.75, 0.0), (1.0, 0.0), ('nunique', 1), ('mean', 0.0), ('std', 0.0)]
------------------------------------------------------------------------------------------
--FLAG_DOCUMENT_15: 
--NA count[ 0 ];Numeric stat: [(0.0, 0.0), (0.25, 0.0), (0.5, 0.0), (0.75, 0.0), (1.0, 0.0), ('nunique', 1), ('mean', 0.0), ('std', 0.0)]
------------------------------------------------------------------------------------------
--FLAG_DOCUMENT_16: 
--NA count[ 0 ];Numeric stat: [(0.0, 0.0), (0.25, 0.0), (0.5, 0.0), (0.75, 0.0), (1.0, 0.0), ('nunique', 1), ('mean', 0.0), ('std', 0.0)]
------------------------------------------------------------------------------------------
--FLAG_DOCUMENT_17: 
--NA count[ 0 ];Numeric stat: [(0.0, 0.0), (0.25, 0.0), (0.5, 0.0), (0.75, 0.0), (1.0, 0.0), ('nunique', 1), ('mean', 0.0), ('std', 0.0)]
------------------------------------------------------------------------------------------
--FLAG_DOCUMENT_18: 
--NA count[ 0 ];Numeric stat: [(0.0, 0.0), (0.25, 0.0), (0.5, 0.0), (0.75, 0.0), (1.0, 1.0), ('nunique', 2), ('mean', 0.0016), ('std', 0.0395)]
------------------------------------------------------------------------------------------
--FLAG_DOCUMENT_19: 
--NA count[ 0 ];Numeric stat: [(0.0, 0.0), (0.25, 0.0), (0.5, 0.0), (0.75, 0.0), (1.0, 0.0), ('nunique', 1), ('mean', 0.0), ('std', 0.0)]
------------------------------------------------------------------------------------------
--FLAG_DOCUMENT_20: 
--NA count[ 0 ];Numeric stat: [(0.0, 0.0), (0.25, 0.0), (0.5, 0.0), (0.75, 0.0), (1.0, 0.0), ('nunique', 1), ('mean', 0.0), ('std', 0.0)]
------------------------------------------------------------------------------------------
--FLAG_DOCUMENT_21: 
--NA count[ 0 ];Numeric stat: [(0.0, 0.0), (0.25, 0.0), (0.5, 0.0), (0.75, 0.0), (1.0, 0.0), ('nunique', 1), ('mean', 0.0), ('std', 0.0)]
------------------------------------------------------------------------------------------
--AMT_REQ_CREDIT_BUREAU_HOUR: 
--NA count[ 6049 ];Numeric stat: [(0.0, 0.0), (0.25, 0.0), (0.5, 0.0), (0.75, 0.0), (1.0, 2.0), ('nunique', 3), ('mean', 0.0021), ('std', 0.0464)]
------------------------------------------------------------------------------------------
--AMT_REQ_CREDIT_BUREAU_DAY: 
--NA count[ 6049 ];Numeric stat: [(0.0, 0.0), (0.25, 0.0), (0.5, 0.0), (0.75, 0.0), (1.0, 2.0), ('nunique', 3), ('mean', 0.0018), ('std', 0.0461)]
------------------------------------------------------------------------------------------
--AMT_REQ_CREDIT_BUREAU_WEEK: 
--NA count[ 6049 ];Numeric stat: [(0.0, 0.0), (0.25, 0.0), (0.5, 0.0), (0.75, 0.0), (1.0, 2.0), ('nunique', 3), ('mean', 0.0028), ('std', 0.054)]
------------------------------------------------------------------------------------------
--AMT_REQ_CREDIT_BUREAU_MON: 
--NA count[ 6049 ];Numeric stat: [(0.0, 0.0), (0.25, 0.0), (0.5, 0.0), (0.75, 0.0), (1.0, 6.0), ('nunique', 7), ('mean', 0.0093), ('std', 0.1109)]
------------------------------------------------------------------------------------------
--AMT_REQ_CREDIT_BUREAU_QRT: 
--NA count[ 6049 ];Numeric stat: [(0.0, 0.0), (0.25, 0.0), (0.5, 0.0), (0.75, 1.0), (1.0, 7.0), ('nunique', 8), ('mean', 0.5469), ('std', 0.6933)]
------------------------------------------------------------------------------------------
--AMT_REQ_CREDIT_BUREAU_YEAR: 
--NA count[ 6049 ];Numeric stat: [(0.0, 0.0), (0.25, 0.0), (0.5, 2.0), (0.75, 3.0), (1.0, 17.0), ('nunique', 16), ('mean', 1.9838), ('std', 1.8389)]
------------------------------------------------------------------------------------------
[../data\application_train.csv.zip] Summary info shape: (307511, 122)
--SK_ID_CURR: 
--NA count[ 0 ];Numeric stat: [(0.0, 100002.0), (0.25, 189145.5), (0.5, 278202.0), (0.75, 367142.5), (1.0, 456255.0), ('nunique', 307511), ('mean', 278180.5186), ('std', 102790.1753)]
------------------------------------------------------------------------------------------
--TARGET: 
--NA count[ 0 ];Numeric stat: [(0.0, 0.0), (0.25, 0.0), (0.5, 0.0), (0.75, 0.0), (1.0, 1.0), ('nunique', 2), ('mean', 0.0807), ('std', 0.2724)]
------------------------------------------------------------------------------------------
--NAME_CONTRACT_TYPE: 
--NA count[ 0 ];Category count: [('Cash loans', 278232), ('Revolving loans', 29279)]
------------------------------------------------------------------------------------------
--CODE_GENDER: 
--NA count[ 0 ];Category count: [('F', 202448), ('M', 105059), ('XNA', 4)]
------------------------------------------------------------------------------------------
--FLAG_OWN_CAR: 
--NA count[ 0 ];Category count: [('N', 202924), ('Y', 104587)]
------------------------------------------------------------------------------------------
--FLAG_OWN_REALTY: 
--NA count[ 0 ];Category count: [('Y', 213312), ('N', 94199)]
------------------------------------------------------------------------------------------
--CNT_CHILDREN: 
--NA count[ 0 ];Numeric stat: [(0.0, 0.0), (0.25, 0.0), (0.5, 0.0), (0.75, 1.0), (1.0, 19.0), ('nunique', 15), ('mean', 0.4171), ('std', 0.7221)]
------------------------------------------------------------------------------------------
--AMT_INCOME_TOTAL: 
--NA count[ 0 ];Numeric stat: [(0.0, 25650.0), (0.25, 112500.0), (0.5, 147150.0), (0.75, 202500.0), (1.0, 117000000.0), ('nunique', 2548), ('mean', 168797.9193), ('std', 237123.1463)]
------------------------------------------------------------------------------------------
--AMT_CREDIT: 
--NA count[ 0 ];Numeric stat: [(0.0, 45000.0), (0.25, 270000.0), (0.5, 513531.0), (0.75, 808650.0), (1.0, 4050000.0), ('nunique', 5603), ('mean', 599025.9997), ('std', 402490.777)]
------------------------------------------------------------------------------------------
--AMT_ANNUITY: 
--NA count[ 12 ];Numeric stat: [(0.0, 1615.5), (0.25, 16524.0), (0.5, 24903.0), (0.75, 34596.0), (1.0, 258025.5), ('nunique', 13672), ('mean', 27108.5739), ('std', 14493.7373)]
------------------------------------------------------------------------------------------
--AMT_GOODS_PRICE: 
--NA count[ 278 ];Numeric stat: [(0.0, 40500.0), (0.25, 238500.0), (0.5, 450000.0), (0.75, 679500.0), (1.0, 4050000.0), ('nunique', 1002), ('mean', 538396.2074), ('std', 369446.4605)]
------------------------------------------------------------------------------------------
--NAME_TYPE_SUITE: 
--NA count[ 1292 ];Category count: [('Unaccompanied', 248526), ('Family', 40149), ('Spouse, partner', 11370), ('Children', 3267), ('Other_B', 1770), ('Other_A', 866), ('Group of people', 271)]
------------------------------------------------------------------------------------------
--NAME_INCOME_TYPE: 
--NA count[ 0 ];Category count: [('Working', 158774), ('Commercial associate', 71617), ('Pensioner', 55362), ('State servant', 21703), ('Unemployed', 22), ('Student', 18), ('Businessman', 10), ('Maternity leave', 5)]
------------------------------------------------------------------------------------------
--NAME_EDUCATION_TYPE: 
--NA count[ 0 ];Category count: [('Secondary / secondary special', 218391), ('Higher education', 74863), ('Incomplete higher', 10277), ('Lower secondary', 3816), ('Academic degree', 164)]
------------------------------------------------------------------------------------------
--NAME_FAMILY_STATUS: 
--NA count[ 0 ];Category count: [('Married', 196432), ('Single / not married', 45444), ('Civil marriage', 29775), ('Separated', 19770), ('Widow', 16088), ('Unknown', 2)]
------------------------------------------------------------------------------------------
--NAME_HOUSING_TYPE: 
--NA count[ 0 ];Category count: [('House / apartment', 272868), ('With parents', 14840), ('Municipal apartment', 11183), ('Rented apartment', 4881), ('Office apartment', 2617), ('Co-op apartment', 1122)]
------------------------------------------------------------------------------------------
--REGION_POPULATION_RELATIVE: 
--NA count[ 0 ];Numeric stat: [(0.0, 0.0003), (0.25, 0.01), (0.5, 0.0188), (0.75, 0.0287), (1.0, 0.0725), ('nunique', 81), ('mean', 0.0209), ('std', 0.0138)]
------------------------------------------------------------------------------------------
--DAYS_BIRTH: 
--NA count[ 0 ];Numeric stat: [(0.0, -25229.0), (0.25, -19682.0), (0.5, -15750.0), (0.75, -12413.0), (1.0, -7489.0), ('nunique', 17460), ('mean', -16036.9951), ('std', 4363.9886)]
------------------------------------------------------------------------------------------
--DAYS_EMPLOYED: 
--NA count[ 0 ];Numeric stat: [(0.0, -17912.0), (0.25, -2760.0), (0.5, -1213.0), (0.75, -289.0), (1.0, 365243.0), ('nunique', 12574), ('mean', 63815.0459), ('std', 141275.7665)]
------------------------------------------------------------------------------------------
--DAYS_REGISTRATION: 
--NA count[ 0 ];Numeric stat: [(0.0, -24672.0), (0.25, -7479.5), (0.5, -4504.0), (0.75, -2010.0), (1.0, 0.0), ('nunique', 15688), ('mean', -4986.1203), ('std', 3522.8863)]
------------------------------------------------------------------------------------------
--DAYS_ID_PUBLISH: 
--NA count[ 0 ];Numeric stat: [(0.0, -7197.0), (0.25, -4299.0), (0.5, -3254.0), (0.75, -1720.0), (1.0, 0.0), ('nunique', 6168), ('mean', -2994.2024), ('std', 1509.4504)]
------------------------------------------------------------------------------------------
--OWN_CAR_AGE: 
--NA count[ 202929 ];Numeric stat: [(0.0, 0.0), (0.25, 5.0), (0.5, 9.0), (0.75, 15.0), (1.0, 91.0), ('nunique', 62), ('mean', 12.0611), ('std', 11.9448)]
------------------------------------------------------------------------------------------
--FLAG_MOBIL: 
--NA count[ 0 ];Numeric stat: [(0.0, 0.0), (0.25, 1.0), (0.5, 1.0), (0.75, 1.0), (1.0, 1.0), ('nunique', 2), ('mean', 1.0), ('std', 0.0018)]
------------------------------------------------------------------------------------------
--FLAG_EMP_PHONE: 
--NA count[ 0 ];Numeric stat: [(0.0, 0.0), (0.25, 1.0), (0.5, 1.0), (0.75, 1.0), (1.0, 1.0), ('nunique', 2), ('mean', 0.8199), ('std', 0.3843)]
------------------------------------------------------------------------------------------
--FLAG_WORK_PHONE: 
--NA count[ 0 ];Numeric stat: [(0.0, 0.0), (0.25, 0.0), (0.5, 0.0), (0.75, 0.0), (1.0, 1.0), ('nunique', 2), ('mean', 0.1994), ('std', 0.3995)]
------------------------------------------------------------------------------------------
--FLAG_CONT_MOBILE: 
--NA count[ 0 ];Numeric stat: [(0.0, 0.0), (0.25, 1.0), (0.5, 1.0), (0.75, 1.0), (1.0, 1.0), ('nunique', 2), ('mean', 0.9981), ('std', 0.0432)]
------------------------------------------------------------------------------------------
--FLAG_PHONE: 
--NA count[ 0 ];Numeric stat: [(0.0, 0.0), (0.25, 0.0), (0.5, 0.0), (0.75, 1.0), (1.0, 1.0), ('nunique', 2), ('mean', 0.2811), ('std', 0.4495)]
------------------------------------------------------------------------------------------
--FLAG_EMAIL: 
--NA count[ 0 ];Numeric stat: [(0.0, 0.0), (0.25, 0.0), (0.5, 0.0), (0.75, 0.0), (1.0, 1.0), ('nunique', 2), ('mean', 0.0567), ('std', 0.2313)]
------------------------------------------------------------------------------------------
--OCCUPATION_TYPE: 
--NA count[ 96391 ];Category count: [('Laborers', 55186), ('Sales staff', 32102), ('Core staff', 27570), ('Managers', 21371), ('Drivers', 18603), ('High skill tech staff', 11380), ('Accountants', 9813), ('Medicine staff', 8537), ('Security staff', 6721), ('Cooking staff', 5946), ('Cleaning staff', 4653), ('Private service staff', 2652), ('Low-skill Laborers', 2093), ('Waiters/barmen staff', 1348), ('Secretaries', 1305), ('Realty agents', 751), ('HR staff', 563), ('IT staff', 526)]
------------------------------------------------------------------------------------------
--CNT_FAM_MEMBERS: 
--NA count[ 2 ];Numeric stat: [(0.0, 1.0), (0.25, 2.0), (0.5, 2.0), (0.75, 3.0), (1.0, 20.0), ('nunique', 17), ('mean', 2.1527), ('std', 0.9107)]
------------------------------------------------------------------------------------------
--REGION_RATING_CLIENT: 
--NA count[ 0 ];Numeric stat: [(0.0, 1.0), (0.25, 2.0), (0.5, 2.0), (0.75, 2.0), (1.0, 3.0), ('nunique', 3), ('mean', 2.0525), ('std', 0.509)]
------------------------------------------------------------------------------------------
--REGION_RATING_CLIENT_W_CITY: 
--NA count[ 0 ];Numeric stat: [(0.0, 1.0), (0.25, 2.0), (0.5, 2.0), (0.75, 2.0), (1.0, 3.0), ('nunique', 3), ('mean', 2.0315), ('std', 0.5027)]
------------------------------------------------------------------------------------------
--WEEKDAY_APPR_PROCESS_START: 
--NA count[ 0 ];Category count: [('TUESDAY', 53901), ('WEDNESDAY', 51934), ('MONDAY', 50714), ('THURSDAY', 50591), ('FRIDAY', 50338), ('SATURDAY', 33852), ('SUNDAY', 16181)]
------------------------------------------------------------------------------------------
--HOUR_APPR_PROCESS_START: 
--NA count[ 0 ];Numeric stat: [(0.0, 0.0), (0.25, 10.0), (0.5, 12.0), (0.75, 14.0), (1.0, 23.0), ('nunique', 24), ('mean', 12.0634), ('std', 3.2658)]
------------------------------------------------------------------------------------------
--REG_REGION_NOT_LIVE_REGION: 
--NA count[ 0 ];Numeric stat: [(0.0, 0.0), (0.25, 0.0), (0.5, 0.0), (0.75, 0.0), (1.0, 1.0), ('nunique', 2), ('mean', 0.0151), ('std', 0.1221)]
------------------------------------------------------------------------------------------
--REG_REGION_NOT_WORK_REGION: 
--NA count[ 0 ];Numeric stat: [(0.0, 0.0), (0.25, 0.0), (0.5, 0.0), (0.75, 0.0), (1.0, 1.0), ('nunique', 2), ('mean', 0.0508), ('std', 0.2195)]
------------------------------------------------------------------------------------------
--LIVE_REGION_NOT_WORK_REGION: 
--NA count[ 0 ];Numeric stat: [(0.0, 0.0), (0.25, 0.0), (0.5, 0.0), (0.75, 0.0), (1.0, 1.0), ('nunique', 2), ('mean', 0.0407), ('std', 0.1975)]
------------------------------------------------------------------------------------------
--REG_CITY_NOT_LIVE_CITY: 
--NA count[ 0 ];Numeric stat: [(0.0, 0.0), (0.25, 0.0), (0.5, 0.0), (0.75, 0.0), (1.0, 1.0), ('nunique', 2), ('mean', 0.0782), ('std', 0.2684)]
------------------------------------------------------------------------------------------
--REG_CITY_NOT_WORK_CITY: 
--NA count[ 0 ];Numeric stat: [(0.0, 0.0), (0.25, 0.0), (0.5, 0.0), (0.75, 0.0), (1.0, 1.0), ('nunique', 2), ('mean', 0.2305), ('std', 0.4211)]
------------------------------------------------------------------------------------------
--LIVE_CITY_NOT_WORK_CITY: 
--NA count[ 0 ];Numeric stat: [(0.0, 0.0), (0.25, 0.0), (0.5, 0.0), (0.75, 0.0), (1.0, 1.0), ('nunique', 2), ('mean', 0.1796), ('std', 0.3838)]
------------------------------------------------------------------------------------------
--ORGANIZATION_TYPE: 
--NA count[ 0 ];Category count: [('Business Entity Type 3', 67992), ('XNA', 55374), ('Self-employed', 38412), ('Other', 16683), ('Medicine', 11193), ('Business Entity Type 2', 10553), ('Government', 10404), ('School', 8893), ('Trade: type 7', 7831), ('Kindergarten', 6880), ('Construction', 6721), ('Business Entity Type 1', 5984), ('Transport: type 4', 5398), ('Trade: type 3', 3492), ('Industry: type 9', 3368), ('Industry: type 3', 3278), ('Security', 3247), ('Housing', 2958), ('Industry: type 11', 2704), ('Military', 2634), ('Bank', 2507), ('Agriculture', 2454), ('Police', 2341), ('Transport: type 2', 2204), ('Postal', 2157), ('Security Ministries', 1974), ('Trade: type 2', 1900), ('Restaurant', 1811), ('Services', 1575), ('University', 1327), ('Industry: type 7', 1307), ('Transport: type 3', 1187), ('Industry: type 1', 1039), ('Hotel', 966), ('Electricity', 950), ('Industry: type 4', 877), ('Trade: type 6', 631), ('Industry: type 5', 599), ('Insurance', 597), ('Telecom', 577), ('Emergency', 560), ('Industry: type 2', 458), ('Advertising', 429), ('Realtor', 396), ('Culture', 379), ('Industry: type 12', 369), ('Trade: type 1', 348), ('Mobile', 317), ('Legal Services', 305), ('Cleaning', 260), ('Transport: type 1', 201), ('Industry: type 6', 112), ('Industry: type 10', 109), ('Religion', 85), ('Industry: type 13', 67), ('Trade: type 4', 64), ('Trade: type 5', 49), ('Industry: type 8', 24)]
------------------------------------------------------------------------------------------
--EXT_SOURCE_1: 
--NA count[ 173378 ];Numeric stat: [(0.0, 0.0146), (0.25, 0.334), (0.5, 0.506), (0.75, 0.6751), (1.0, 0.9627), ('nunique', 114584), ('mean', 0.5021), ('std', 0.2111)]
------------------------------------------------------------------------------------------
--EXT_SOURCE_2: 
--NA count[ 660 ];Numeric stat: [(0.0, 0.0), (0.25, 0.3925), (0.5, 0.566), (0.75, 0.6636), (1.0, 0.855), ('nunique', 119831), ('mean', 0.5144), ('std', 0.1911)]
------------------------------------------------------------------------------------------
--EXT_SOURCE_3: 
--NA count[ 60965 ];Numeric stat: [(0.0, 0.0005), (0.25, 0.3706), (0.5, 0.5353), (0.75, 0.6691), (1.0, 0.896), ('nunique', 814), ('mean', 0.5109), ('std', 0.1948)]
------------------------------------------------------------------------------------------
--APARTMENTS_AVG: 
--NA count[ 156061 ];Numeric stat: [(0.0, 0.0), (0.25, 0.0577), (0.5, 0.0876), (0.75, 0.1485), (1.0, 1.0), ('nunique', 2339), ('mean', 0.1174), ('std', 0.1082)]
------------------------------------------------------------------------------------------
--BASEMENTAREA_AVG: 
--NA count[ 179943 ];Numeric stat: [(0.0, 0.0), (0.25, 0.0442), (0.5, 0.0763), (0.75, 0.1122), (1.0, 1.0), ('nunique', 3780), ('mean', 0.0884), ('std', 0.0824)]
------------------------------------------------------------------------------------------
--YEARS_BEGINEXPLUATATION_AVG: 
--NA count[ 150007 ];Numeric stat: [(0.0, 0.0), (0.25, 0.9767), (0.5, 0.9816), (0.75, 0.9866), (1.0, 1.0), ('nunique', 285), ('mean', 0.9777), ('std', 0.0592)]
------------------------------------------------------------------------------------------
--YEARS_BUILD_AVG: 
--NA count[ 204488 ];Numeric stat: [(0.0, 0.0), (0.25, 0.6872), (0.5, 0.7552), (0.75, 0.8232), (1.0, 1.0), ('nunique', 149), ('mean', 0.7525), ('std', 0.1133)]
------------------------------------------------------------------------------------------
--COMMONAREA_AVG: 
--NA count[ 214865 ];Numeric stat: [(0.0, 0.0), (0.25, 0.0078), (0.5, 0.0211), (0.75, 0.0515), (1.0, 1.0), ('nunique', 3181), ('mean', 0.0446), ('std', 0.076)]
------------------------------------------------------------------------------------------
--ELEVATORS_AVG: 
--NA count[ 163891 ];Numeric stat: [(0.0, 0.0), (0.25, 0.0), (0.5, 0.0), (0.75, 0.12), (1.0, 1.0), ('nunique', 257), ('mean', 0.0789), ('std', 0.1346)]
------------------------------------------------------------------------------------------
--ENTRANCES_AVG: 
--NA count[ 154828 ];Numeric stat: [(0.0, 0.0), (0.25, 0.069), (0.5, 0.1379), (0.75, 0.2069), (1.0, 1.0), ('nunique', 285), ('mean', 0.1497), ('std', 0.1)]
------------------------------------------------------------------------------------------
--FLOORSMAX_AVG: 
--NA count[ 153020 ];Numeric stat: [(0.0, 0.0), (0.25, 0.1667), (0.5, 0.1667), (0.75, 0.3333), (1.0, 1.0), ('nunique', 403), ('mean', 0.2263), ('std', 0.1446)]
------------------------------------------------------------------------------------------
--FLOORSMIN_AVG: 
--NA count[ 208642 ];Numeric stat: [(0.0, 0.0), (0.25, 0.0833), (0.5, 0.2083), (0.75, 0.375), (1.0, 1.0), ('nunique', 305), ('mean', 0.2319), ('std', 0.1614)]
------------------------------------------------------------------------------------------
--LANDAREA_AVG: 
--NA count[ 182590 ];Numeric stat: [(0.0, 0.0), (0.25, 0.0187), (0.5, 0.0481), (0.75, 0.0856), (1.0, 1.0), ('nunique', 3527), ('mean', 0.0663), ('std', 0.0812)]
------------------------------------------------------------------------------------------
--LIVINGAPARTMENTS_AVG: 
--NA count[ 210199 ];Numeric stat: [(0.0, 0.0), (0.25, 0.0504), (0.5, 0.0756), (0.75, 0.121), (1.0, 1.0), ('nunique', 1868), ('mean', 0.1008), ('std', 0.0926)]
------------------------------------------------------------------------------------------
--LIVINGAREA_AVG: 
--NA count[ 154350 ];Numeric stat: [(0.0, 0.0), (0.25, 0.0453), (0.5, 0.0745), (0.75, 0.1299), (1.0, 1.0), ('nunique', 5199), ('mean', 0.1074), ('std', 0.1106)]
------------------------------------------------------------------------------------------
--NONLIVINGAPARTMENTS_AVG: 
--NA count[ 213514 ];Numeric stat: [(0.0, 0.0), (0.25, 0.0), (0.5, 0.0), (0.75, 0.0039), (1.0, 1.0), ('nunique', 386), ('mean', 0.0088), ('std', 0.0477)]
------------------------------------------------------------------------------------------
--NONLIVINGAREA_AVG: 
--NA count[ 169682 ];Numeric stat: [(0.0, 0.0), (0.25, 0.0), (0.5, 0.0036), (0.75, 0.0277), (1.0, 1.0), ('nunique', 3290), ('mean', 0.0284), ('std', 0.0695)]
------------------------------------------------------------------------------------------
--APARTMENTS_MODE: 
--NA count[ 156061 ];Numeric stat: [(0.0, 0.0), (0.25, 0.0525), (0.5, 0.084), (0.75, 0.1439), (1.0, 1.0), ('nunique', 760), ('mean', 0.1142), ('std', 0.1079)]
------------------------------------------------------------------------------------------
--BASEMENTAREA_MODE: 
--NA count[ 179943 ];Numeric stat: [(0.0, 0.0), (0.25, 0.0407), (0.5, 0.0746), (0.75, 0.1124), (1.0, 1.0), ('nunique', 3841), ('mean', 0.0875), ('std', 0.0843)]
------------------------------------------------------------------------------------------
--YEARS_BEGINEXPLUATATION_MODE: 
--NA count[ 150007 ];Numeric stat: [(0.0, 0.0), (0.25, 0.9767), (0.5, 0.9816), (0.75, 0.9866), (1.0, 1.0), ('nunique', 221), ('mean', 0.9771), ('std', 0.0646)]
------------------------------------------------------------------------------------------
--YEARS_BUILD_MODE: 
--NA count[ 204488 ];Numeric stat: [(0.0, 0.0), (0.25, 0.6994), (0.5, 0.7648), (0.75, 0.8236), (1.0, 1.0), ('nunique', 154), ('mean', 0.7596), ('std', 0.1101)]
------------------------------------------------------------------------------------------
--COMMONAREA_MODE: 
--NA count[ 214865 ];Numeric stat: [(0.0, 0.0), (0.25, 0.0072), (0.5, 0.019), (0.75, 0.049), (1.0, 1.0), ('nunique', 3128), ('mean', 0.0426), ('std', 0.0744)]
------------------------------------------------------------------------------------------
--ELEVATORS_MODE: 
--NA count[ 163891 ];Numeric stat: [(0.0, 0.0), (0.25, 0.0), (0.5, 0.0), (0.75, 0.1208), (1.0, 1.0), ('nunique', 26), ('mean', 0.0745), ('std', 0.1323)]
------------------------------------------------------------------------------------------
--ENTRANCES_MODE: 
--NA count[ 154828 ];Numeric stat: [(0.0, 0.0), (0.25, 0.069), (0.5, 0.1379), (0.75, 0.2069), (1.0, 1.0), ('nunique', 30), ('mean', 0.1452), ('std', 0.101)]
------------------------------------------------------------------------------------------
--FLOORSMAX_MODE: 
--NA count[ 153020 ];Numeric stat: [(0.0, 0.0), (0.25, 0.1667), (0.5, 0.1667), (0.75, 0.3333), (1.0, 1.0), ('nunique', 25), ('mean', 0.2223), ('std', 0.1437)]
------------------------------------------------------------------------------------------
--FLOORSMIN_MODE: 
--NA count[ 208642 ];Numeric stat: [(0.0, 0.0), (0.25, 0.0833), (0.5, 0.2083), (0.75, 0.375), (1.0, 1.0), ('nunique', 25), ('mean', 0.2281), ('std', 0.1612)]
------------------------------------------------------------------------------------------
--LANDAREA_MODE: 
--NA count[ 182590 ];Numeric stat: [(0.0, 0.0), (0.25, 0.0166), (0.5, 0.0458), (0.75, 0.0841), (1.0, 1.0), ('nunique', 3563), ('mean', 0.065), ('std', 0.0818)]
------------------------------------------------------------------------------------------
--LIVINGAPARTMENTS_MODE: 
--NA count[ 210199 ];Numeric stat: [(0.0, 0.0), (0.25, 0.0542), (0.5, 0.0771), (0.75, 0.1313), (1.0, 1.0), ('nunique', 736), ('mean', 0.1056), ('std', 0.0979)]
------------------------------------------------------------------------------------------
--LIVINGAREA_MODE: 
--NA count[ 154350 ];Numeric stat: [(0.0, 0.0), (0.25, 0.0427), (0.5, 0.0731), (0.75, 0.1252), (1.0, 1.0), ('nunique', 5301), ('mean', 0.106), ('std', 0.1118)]
------------------------------------------------------------------------------------------
--NONLIVINGAPARTMENTS_MODE: 
--NA count[ 213514 ];Numeric stat: [(0.0, 0.0), (0.25, 0.0), (0.5, 0.0), (0.75, 0.0039), (1.0, 1.0), ('nunique', 167), ('mean', 0.0081), ('std', 0.0463)]
------------------------------------------------------------------------------------------
--NONLIVINGAREA_MODE: 
--NA count[ 169682 ];Numeric stat: [(0.0, 0.0), (0.25, 0.0), (0.5, 0.0011), (0.75, 0.0231), (1.0, 1.0), ('nunique', 3327), ('mean', 0.027), ('std', 0.0703)]
------------------------------------------------------------------------------------------
--APARTMENTS_MEDI: 
--NA count[ 156061 ];Numeric stat: [(0.0, 0.0), (0.25, 0.0583), (0.5, 0.0864), (0.75, 0.1489), (1.0, 1.0), ('nunique', 1148), ('mean', 0.1178), ('std', 0.1091)]
------------------------------------------------------------------------------------------
--BASEMENTAREA_MEDI: 
--NA count[ 179943 ];Numeric stat: [(0.0, 0.0), (0.25, 0.0437), (0.5, 0.0758), (0.75, 0.1116), (1.0, 1.0), ('nunique', 3772), ('mean', 0.088), ('std', 0.0822)]
------------------------------------------------------------------------------------------
--YEARS_BEGINEXPLUATATION_MEDI: 
--NA count[ 150007 ];Numeric stat: [(0.0, 0.0), (0.25, 0.9767), (0.5, 0.9816), (0.75, 0.9866), (1.0, 1.0), ('nunique', 245), ('mean', 0.9778), ('std', 0.0599)]
------------------------------------------------------------------------------------------
--YEARS_BUILD_MEDI: 
--NA count[ 204488 ];Numeric stat: [(0.0, 0.0), (0.25, 0.6914), (0.5, 0.7585), (0.75, 0.8256), (1.0, 1.0), ('nunique', 151), ('mean', 0.7557), ('std', 0.1121)]
------------------------------------------------------------------------------------------
--COMMONAREA_MEDI: 
--NA count[ 214865 ];Numeric stat: [(0.0, 0.0), (0.25, 0.0079), (0.5, 0.0208), (0.75, 0.0513), (1.0, 1.0), ('nunique', 3202), ('mean', 0.0446), ('std', 0.0761)]
------------------------------------------------------------------------------------------
--ELEVATORS_MEDI: 
--NA count[ 163891 ];Numeric stat: [(0.0, 0.0), (0.25, 0.0), (0.5, 0.0), (0.75, 0.12), (1.0, 1.0), ('nunique', 46), ('mean', 0.0781), ('std', 0.1345)]
------------------------------------------------------------------------------------------
--ENTRANCES_MEDI: 
--NA count[ 154828 ];Numeric stat: [(0.0, 0.0), (0.25, 0.069), (0.5, 0.1379), (0.75, 0.2069), (1.0, 1.0), ('nunique', 46), ('mean', 0.1492), ('std', 0.1004)]
------------------------------------------------------------------------------------------
--FLOORSMAX_MEDI: 
--NA count[ 153020 ];Numeric stat: [(0.0, 0.0), (0.25, 0.1667), (0.5, 0.1667), (0.75, 0.3333), (1.0, 1.0), ('nunique', 49), ('mean', 0.2259), ('std', 0.1451)]
------------------------------------------------------------------------------------------
--FLOORSMIN_MEDI: 
--NA count[ 208642 ];Numeric stat: [(0.0, 0.0), (0.25, 0.0833), (0.5, 0.2083), (0.75, 0.375), (1.0, 1.0), ('nunique', 47), ('mean', 0.2316), ('std', 0.1619)]
------------------------------------------------------------------------------------------
--LANDAREA_MEDI: 
--NA count[ 182590 ];Numeric stat: [(0.0, 0.0), (0.25, 0.0187), (0.5, 0.0487), (0.75, 0.0868), (1.0, 1.0), ('nunique', 3560), ('mean', 0.0672), ('std', 0.0822)]
------------------------------------------------------------------------------------------
--LIVINGAPARTMENTS_MEDI: 
--NA count[ 210199 ];Numeric stat: [(0.0, 0.0), (0.25, 0.0513), (0.5, 0.0761), (0.75, 0.1231), (1.0, 1.0), ('nunique', 1097), ('mean', 0.102), ('std', 0.0936)]
------------------------------------------------------------------------------------------
--LIVINGAREA_MEDI: 
--NA count[ 154350 ];Numeric stat: [(0.0, 0.0), (0.25, 0.0457), (0.5, 0.0749), (0.75, 0.1303), (1.0, 1.0), ('nunique', 5281), ('mean', 0.1086), ('std', 0.1123)]
------------------------------------------------------------------------------------------
--NONLIVINGAPARTMENTS_MEDI: 
--NA count[ 213514 ];Numeric stat: [(0.0, 0.0), (0.25, 0.0), (0.5, 0.0), (0.75, 0.0039), (1.0, 1.0), ('nunique', 214), ('mean', 0.0087), ('std', 0.0474)]
------------------------------------------------------------------------------------------
--NONLIVINGAREA_MEDI: 
--NA count[ 169682 ];Numeric stat: [(0.0, 0.0), (0.25, 0.0), (0.5, 0.0031), (0.75, 0.0266), (1.0, 1.0), ('nunique', 3323), ('mean', 0.0282), ('std', 0.0702)]
------------------------------------------------------------------------------------------
--FONDKAPREMONT_MODE: 
--NA count[ 210295 ];Category count: [('reg oper account', 73830), ('reg oper spec account', 12080), ('not specified', 5687), ('org spec account', 5619)]
------------------------------------------------------------------------------------------
--HOUSETYPE_MODE: 
--NA count[ 154297 ];Category count: [('block of flats', 150503), ('specific housing', 1499), ('terraced house', 1212)]
------------------------------------------------------------------------------------------
--TOTALAREA_MODE: 
--NA count[ 148431 ];Numeric stat: [(0.0, 0.0), (0.25, 0.0412), (0.5, 0.0688), (0.75, 0.1276), (1.0, 1.0), ('nunique', 5116), ('mean', 0.1025), ('std', 0.1075)]
------------------------------------------------------------------------------------------
--WALLSMATERIAL_MODE: 
--NA count[ 156341 ];Category count: [('Panel', 66040), ('Stone, brick', 64815), ('Block', 9253), ('Wooden', 5362), ('Mixed', 2296), ('Monolithic', 1779), ('Others', 1625)]
------------------------------------------------------------------------------------------
--EMERGENCYSTATE_MODE: 
--NA count[ 145755 ];Category count: [('No', 159428), ('Yes', 2328)]
------------------------------------------------------------------------------------------
--OBS_30_CNT_SOCIAL_CIRCLE: 
--NA count[ 1021 ];Numeric stat: [(0.0, 0.0), (0.25, 0.0), (0.5, 0.0), (0.75, 2.0), (1.0, 348.0), ('nunique', 33), ('mean', 1.4222), ('std', 2.401)]
------------------------------------------------------------------------------------------
--DEF_30_CNT_SOCIAL_CIRCLE: 
--NA count[ 1021 ];Numeric stat: [(0.0, 0.0), (0.25, 0.0), (0.5, 0.0), (0.75, 0.0), (1.0, 34.0), ('nunique', 10), ('mean', 0.1434), ('std', 0.4467)]
------------------------------------------------------------------------------------------
--OBS_60_CNT_SOCIAL_CIRCLE: 
--NA count[ 1021 ];Numeric stat: [(0.0, 0.0), (0.25, 0.0), (0.5, 0.0), (0.75, 2.0), (1.0, 344.0), ('nunique', 33), ('mean', 1.4053), ('std', 2.3798)]
------------------------------------------------------------------------------------------
--DEF_60_CNT_SOCIAL_CIRCLE: 
--NA count[ 1021 ];Numeric stat: [(0.0, 0.0), (0.25, 0.0), (0.5, 0.0), (0.75, 0.0), (1.0, 24.0), ('nunique', 9), ('mean', 0.1), ('std', 0.3623)]
------------------------------------------------------------------------------------------
--DAYS_LAST_PHONE_CHANGE: 
--NA count[ 1 ];Numeric stat: [(0.0, -4292.0), (0.25, -1570.0), (0.5, -757.0), (0.75, -274.0), (1.0, 0.0), ('nunique', 3773), ('mean', -962.8588), ('std', 826.8085)]
------------------------------------------------------------------------------------------
--FLAG_DOCUMENT_2: 
--NA count[ 0 ];Numeric stat: [(0.0, 0.0), (0.25, 0.0), (0.5, 0.0), (0.75, 0.0), (1.0, 1.0), ('nunique', 2), ('mean', 0.0), ('std', 0.0065)]
------------------------------------------------------------------------------------------
--FLAG_DOCUMENT_3: 
--NA count[ 0 ];Numeric stat: [(0.0, 0.0), (0.25, 0.0), (0.5, 1.0), (0.75, 1.0), (1.0, 1.0), ('nunique', 2), ('mean', 0.71), ('std', 0.4538)]
------------------------------------------------------------------------------------------
--FLAG_DOCUMENT_4: 
--NA count[ 0 ];Numeric stat: [(0.0, 0.0), (0.25, 0.0), (0.5, 0.0), (0.75, 0.0), (1.0, 1.0), ('nunique', 2), ('mean', 0.0001), ('std', 0.009)]
------------------------------------------------------------------------------------------
--FLAG_DOCUMENT_5: 
--NA count[ 0 ];Numeric stat: [(0.0, 0.0), (0.25, 0.0), (0.5, 0.0), (0.75, 0.0), (1.0, 1.0), ('nunique', 2), ('mean', 0.0151), ('std', 0.122)]
------------------------------------------------------------------------------------------
--FLAG_DOCUMENT_6: 
--NA count[ 0 ];Numeric stat: [(0.0, 0.0), (0.25, 0.0), (0.5, 0.0), (0.75, 0.0), (1.0, 1.0), ('nunique', 2), ('mean', 0.0881), ('std', 0.2834)]
------------------------------------------------------------------------------------------
--FLAG_DOCUMENT_7: 
--NA count[ 0 ];Numeric stat: [(0.0, 0.0), (0.25, 0.0), (0.5, 0.0), (0.75, 0.0), (1.0, 1.0), ('nunique', 2), ('mean', 0.0002), ('std', 0.0139)]
------------------------------------------------------------------------------------------
--FLAG_DOCUMENT_8: 
--NA count[ 0 ];Numeric stat: [(0.0, 0.0), (0.25, 0.0), (0.5, 0.0), (0.75, 0.0), (1.0, 1.0), ('nunique', 2), ('mean', 0.0814), ('std', 0.2734)]
------------------------------------------------------------------------------------------
--FLAG_DOCUMENT_9: 
--NA count[ 0 ];Numeric stat: [(0.0, 0.0), (0.25, 0.0), (0.5, 0.0), (0.75, 0.0), (1.0, 1.0), ('nunique', 2), ('mean', 0.0039), ('std', 0.0623)]
------------------------------------------------------------------------------------------
--FLAG_DOCUMENT_10: 
--NA count[ 0 ];Numeric stat: [(0.0, 0.0), (0.25, 0.0), (0.5, 0.0), (0.75, 0.0), (1.0, 1.0), ('nunique', 2), ('mean', 0.0), ('std', 0.0048)]
------------------------------------------------------------------------------------------
--FLAG_DOCUMENT_11: 
--NA count[ 0 ];Numeric stat: [(0.0, 0.0), (0.25, 0.0), (0.5, 0.0), (0.75, 0.0), (1.0, 1.0), ('nunique', 2), ('mean', 0.0039), ('std', 0.0624)]
------------------------------------------------------------------------------------------
--FLAG_DOCUMENT_12: 
--NA count[ 0 ];Numeric stat: [(0.0, 0.0), (0.25, 0.0), (0.5, 0.0), (0.75, 0.0), (1.0, 1.0), ('nunique', 2), ('mean', 0.0), ('std', 0.0026)]
------------------------------------------------------------------------------------------
--FLAG_DOCUMENT_13: 
--NA count[ 0 ];Numeric stat: [(0.0, 0.0), (0.25, 0.0), (0.5, 0.0), (0.75, 0.0), (1.0, 1.0), ('nunique', 2), ('mean', 0.0035), ('std', 0.0593)]
------------------------------------------------------------------------------------------
--FLAG_DOCUMENT_14: 
--NA count[ 0 ];Numeric stat: [(0.0, 0.0), (0.25, 0.0), (0.5, 0.0), (0.75, 0.0), (1.0, 1.0), ('nunique', 2), ('mean', 0.0029), ('std', 0.0541)]
------------------------------------------------------------------------------------------
--FLAG_DOCUMENT_15: 
--NA count[ 0 ];Numeric stat: [(0.0, 0.0), (0.25, 0.0), (0.5, 0.0), (0.75, 0.0), (1.0, 1.0), ('nunique', 2), ('mean', 0.0012), ('std', 0.0348)]
------------------------------------------------------------------------------------------
--FLAG_DOCUMENT_16: 
--NA count[ 0 ];Numeric stat: [(0.0, 0.0), (0.25, 0.0), (0.5, 0.0), (0.75, 0.0), (1.0, 1.0), ('nunique', 2), ('mean', 0.0099), ('std', 0.0991)]
------------------------------------------------------------------------------------------
--FLAG_DOCUMENT_17: 
--NA count[ 0 ];Numeric stat: [(0.0, 0.0), (0.25, 0.0), (0.5, 0.0), (0.75, 0.0), (1.0, 1.0), ('nunique', 2), ('mean', 0.0003), ('std', 0.0163)]
------------------------------------------------------------------------------------------
--FLAG_DOCUMENT_18: 
--NA count[ 0 ];Numeric stat: [(0.0, 0.0), (0.25, 0.0), (0.5, 0.0), (0.75, 0.0), (1.0, 1.0), ('nunique', 2), ('mean', 0.0081), ('std', 0.0898)]
------------------------------------------------------------------------------------------
--FLAG_DOCUMENT_19: 
--NA count[ 0 ];Numeric stat: [(0.0, 0.0), (0.25, 0.0), (0.5, 0.0), (0.75, 0.0), (1.0, 1.0), ('nunique', 2), ('mean', 0.0006), ('std', 0.0244)]
------------------------------------------------------------------------------------------
--FLAG_DOCUMENT_20: 
--NA count[ 0 ];Numeric stat: [(0.0, 0.0), (0.25, 0.0), (0.5, 0.0), (0.75, 0.0), (1.0, 1.0), ('nunique', 2), ('mean', 0.0005), ('std', 0.0225)]
------------------------------------------------------------------------------------------
--FLAG_DOCUMENT_21: 
--NA count[ 0 ];Numeric stat: [(0.0, 0.0), (0.25, 0.0), (0.5, 0.0), (0.75, 0.0), (1.0, 1.0), ('nunique', 2), ('mean', 0.0003), ('std', 0.0183)]
------------------------------------------------------------------------------------------
--AMT_REQ_CREDIT_BUREAU_HOUR: 
--NA count[ 41519 ];Numeric stat: [(0.0, 0.0), (0.25, 0.0), (0.5, 0.0), (0.75, 0.0), (1.0, 4.0), ('nunique', 5), ('mean', 0.0064), ('std', 0.0838)]
------------------------------------------------------------------------------------------
--AMT_REQ_CREDIT_BUREAU_DAY: 
--NA count[ 41519 ];Numeric stat: [(0.0, 0.0), (0.25, 0.0), (0.5, 0.0), (0.75, 0.0), (1.0, 9.0), ('nunique', 9), ('mean', 0.007), ('std', 0.1108)]
------------------------------------------------------------------------------------------
--AMT_REQ_CREDIT_BUREAU_WEEK: 
--NA count[ 41519 ];Numeric stat: [(0.0, 0.0), (0.25, 0.0), (0.5, 0.0), (0.75, 0.0), (1.0, 8.0), ('nunique', 9), ('mean', 0.0344), ('std', 0.2047)]
------------------------------------------------------------------------------------------
--AMT_REQ_CREDIT_BUREAU_MON: 
--NA count[ 41519 ];Numeric stat: [(0.0, 0.0), (0.25, 0.0), (0.5, 0.0), (0.75, 0.0), (1.0, 27.0), ('nunique', 24), ('mean', 0.2674), ('std', 0.916)]
------------------------------------------------------------------------------------------
--AMT_REQ_CREDIT_BUREAU_QRT: 
--NA count[ 41519 ];Numeric stat: [(0.0, 0.0), (0.25, 0.0), (0.5, 0.0), (0.75, 0.0), (1.0, 261.0), ('nunique', 11), ('mean', 0.2655), ('std', 0.7941)]
------------------------------------------------------------------------------------------
--AMT_REQ_CREDIT_BUREAU_YEAR: 
--NA count[ 41519 ];Numeric stat: [(0.0, 0.0), (0.25, 0.0), (0.5, 1.0), (0.75, 3.0), (1.0, 25.0), ('nunique', 25), ('mean', 1.9), ('std', 1.8693)]
------------------------------------------------------------------------------------------
[../data\bureau.csv.zip] Summary info shape: (1716428, 17)
--SK_ID_CURR: 
--NA count[ 0 ];Numeric stat: [(0.0, 100001.0), (0.25, 188866.75), (0.5, 278055.0), (0.75, 367426.0), (1.0, 456255.0), ('nunique', 305811), ('mean', 278214.9336), ('std', 102938.5581)]
------------------------------------------------------------------------------------------
--SK_ID_BUREAU: 
--NA count[ 0 ];Numeric stat: [(0.0, 5000000.0), (0.25, 5463953.75), (0.5, 5926303.5), (0.75, 6385681.25), (1.0, 6843457.0), ('nunique', 1716428), ('mean', 5924434.489), ('std', 532265.7286)]
------------------------------------------------------------------------------------------
--CREDIT_ACTIVE: 
--NA count[ 0 ];Category count: [('Closed', 1079273), ('Active', 630607), ('Sold', 6527), ('Bad debt', 21)]
------------------------------------------------------------------------------------------
--CREDIT_CURRENCY: 
--NA count[ 0 ];Category count: [('currency 1', 1715020), ('currency 2', 1224), ('currency 3', 174), ('currency 4', 10)]
------------------------------------------------------------------------------------------
--DAYS_CREDIT: 
--NA count[ 0 ];Numeric stat: [(0.0, -2922.0), (0.25, -1666.0), (0.5, -987.0), (0.75, -474.0), (1.0, 0.0), ('nunique', 2923), ('mean', -1142.1077), ('std', 795.1649)]
------------------------------------------------------------------------------------------
--CREDIT_DAY_OVERDUE: 
--NA count[ 0 ];Numeric stat: [(0.0, 0.0), (0.25, 0.0), (0.5, 0.0), (0.75, 0.0), (1.0, 2792.0), ('nunique', 942), ('mean', 0.8182), ('std', 36.5444)]
------------------------------------------------------------------------------------------
--DAYS_CREDIT_ENDDATE: 
--NA count[ 105553 ];Numeric stat: [(0.0, -42060.0), (0.25, -1138.0), (0.5, -330.0), (0.75, 474.0), (1.0, 31199.0), ('nunique', 14096), ('mean', 510.5174), ('std', 4994.2198)]
------------------------------------------------------------------------------------------
--DAYS_ENDDATE_FACT: 
--NA count[ 633653 ];Numeric stat: [(0.0, -42023.0), (0.25, -1489.0), (0.5, -897.0), (0.75, -425.0), (1.0, 0.0), ('nunique', 2917), ('mean', -1017.4371), ('std', 714.0106)]
------------------------------------------------------------------------------------------
--AMT_CREDIT_MAX_OVERDUE: 
--NA count[ 1124488 ];Numeric stat: [(0.0, 0.0), (0.25, 0.0), (0.5, 0.0), (0.75, 0.0), (1.0, 115987185.0), ('nunique', 68251), ('mean', 3825.4177), ('std', 206031.6062)]
------------------------------------------------------------------------------------------
--CNT_CREDIT_PROLONG: 
--NA count[ 0 ];Numeric stat: [(0.0, 0.0), (0.25, 0.0), (0.5, 0.0), (0.75, 0.0), (1.0, 9.0), ('nunique', 10), ('mean', 0.0064), ('std', 0.0962)]
------------------------------------------------------------------------------------------
--AMT_CREDIT_SUM: 
--NA count[ 13 ];Numeric stat: [(0.0, 0.0), (0.25, 51300.0), (0.5, 125518.5), (0.75, 315000.0), (1.0, 585000000.0), ('nunique', 236708), ('mean', 354994.5919), ('std', 1149811.344)]
------------------------------------------------------------------------------------------
--AMT_CREDIT_SUM_DEBT: 
--NA count[ 257669 ];Numeric stat: [(0.0, -4705600.32), (0.25, 0.0), (0.5, 0.0), (0.75, 40153.5), (1.0, 170100000.0), ('nunique', 226537), ('mean', 137085.12), ('std', 677401.131)]
------------------------------------------------------------------------------------------
--AMT_CREDIT_SUM_LIMIT: 
--NA count[ 591780 ];Numeric stat: [(0.0, -586406.115), (0.25, 0.0), (0.5, 0.0), (0.75, 0.0), (1.0, 4705600.32), ('nunique', 51726), ('mean', 6229.515), ('std', 45032.0315)]
------------------------------------------------------------------------------------------
--AMT_CREDIT_SUM_OVERDUE: 
--NA count[ 0 ];Numeric stat: [(0.0, 0.0), (0.25, 0.0), (0.5, 0.0), (0.75, 0.0), (1.0, 3756681.0), ('nunique', 1616), ('mean', 37.9128), ('std', 5937.65)]
------------------------------------------------------------------------------------------
--CREDIT_TYPE: 
--NA count[ 0 ];Category count: [('Consumer credit', 1251615), ('Credit card', 402195), ('Car loan', 27690), ('Mortgage', 18391), ('Microloan', 12413), ('Loan for business development', 1975), ('Another type of loan', 1017), ('Unknown type of loan', 555), ('Loan for working capital replenishment', 469), ('Cash loan (non-earmarked)', 56), ('Real estate loan', 27), ('Loan for the purchase of equipment', 19), ('Loan for purchase of shares (margin lending)', 4), ('Interbank credit', 1), ('Mobile operator loan', 1)]
------------------------------------------------------------------------------------------
--DAYS_CREDIT_UPDATE: 
--NA count[ 0 ];Numeric stat: [(0.0, -41947.0), (0.25, -908.0), (0.5, -395.0), (0.75, -33.0), (1.0, 372.0), ('nunique', 2982), ('mean', -593.7483), ('std', 720.7473)]
------------------------------------------------------------------------------------------
--AMT_ANNUITY: 
--NA count[ 1226791 ];Numeric stat: [(0.0, 0.0), (0.25, 0.0), (0.5, 0.0), (0.75, 13500.0), (1.0, 118453423.5), ('nunique', 40321), ('mean', 15712.7577), ('std', 325826.9491)]
------------------------------------------------------------------------------------------
[../data\bureau_balance.csv.zip] Summary info shape: (27299925, 3)
--SK_ID_BUREAU: 
--NA count[ 0 ];Numeric stat: [(0.0, 5001709.0), (0.25, 5730933.0), (0.5, 6070821.0), (0.75, 6431951.0), (1.0, 6842888.0), ('nunique', 817395), ('mean', 6036297.333), ('std', 492348.8569)]
------------------------------------------------------------------------------------------
--MONTHS_BALANCE: 
--NA count[ 0 ];Numeric stat: [(0.0, -96.0), (0.25, -46.0), (0.5, -25.0), (0.75, -11.0), (1.0, 0.0), ('nunique', 97), ('mean', -30.7417), ('std', 23.8645)]
------------------------------------------------------------------------------------------
--STATUS: 
--NA count[ 0 ];Category count: [('C', 13646993), ('0', 7499507), ('X', 5810482), ('1', 242347), ('5', 62406), ('2', 23419), ('3', 8924), ('4', 5847)]
------------------------------------------------------------------------------------------
[../data\credit_card_balance.csv.zip] Summary info shape: (3840312, 23)
--SK_ID_PREV: 
--NA count[ 0 ];Numeric stat: [(0.0, 1000018.0), (0.25, 1434385.0), (0.5, 1897122.0), (0.75, 2369327.75), (1.0, 2843496.0), ('nunique', 104307), ('mean', 1904503.5899), ('std', 536469.4706)]
------------------------------------------------------------------------------------------
--SK_ID_CURR: 
--NA count[ 0 ];Numeric stat: [(0.0, 100006.0), (0.25, 189517.0), (0.5, 278396.0), (0.75, 367580.0), (1.0, 456250.0), ('nunique', 103558), ('mean', 278324.2073), ('std', 102704.4751)]
------------------------------------------------------------------------------------------
--MONTHS_BALANCE: 
--NA count[ 0 ];Numeric stat: [(0.0, -96.0), (0.25, -55.0), (0.5, -28.0), (0.75, -11.0), (1.0, -1.0), ('nunique', 96), ('mean', -34.5219), ('std', 26.6678)]
------------------------------------------------------------------------------------------
--AMT_BALANCE: 
--NA count[ 0 ];Numeric stat: [(0.0, -420250.185), (0.25, 0.0), (0.5, 0.0), (0.75, 89046.6862), (1.0, 1505902.185), ('nunique', 1347904), ('mean', 58300.1553), ('std', 106307.031)]
------------------------------------------------------------------------------------------
--AMT_CREDIT_LIMIT_ACTUAL: 
--NA count[ 0 ];Numeric stat: [(0.0, 0.0), (0.25, 45000.0), (0.5, 112500.0), (0.75, 180000.0), (1.0, 1350000.0), ('nunique', 181), ('mean', 153807.9574), ('std', 165145.6995)]
------------------------------------------------------------------------------------------
--AMT_DRAWINGS_ATM_CURRENT: 
--NA count[ 749816 ];Numeric stat: [(0.0, -6827.31), (0.25, 0.0), (0.5, 0.0), (0.75, 0.0), (1.0, 2115000.0), ('nunique', 2267), ('mean', 5961.3248), ('std', 28225.6886)]
------------------------------------------------------------------------------------------
--AMT_DRAWINGS_CURRENT: 
--NA count[ 0 ];Numeric stat: [(0.0, -6211.62), (0.25, 0.0), (0.5, 0.0), (0.75, 0.0), (1.0, 2287098.315), ('nunique', 187005), ('mean', 7433.3882), ('std', 33846.0773)]
------------------------------------------------------------------------------------------
--AMT_DRAWINGS_OTHER_CURRENT: 
--NA count[ 749816 ];Numeric stat: [(0.0, 0.0), (0.25, 0.0), (0.5, 0.0), (0.75, 0.0), (1.0, 1529847.0), ('nunique', 1832), ('mean', 288.1696), ('std', 8201.9893)]
------------------------------------------------------------------------------------------
--AMT_DRAWINGS_POS_CURRENT: 
--NA count[ 749816 ];Numeric stat: [(0.0, 0.0), (0.25, 0.0), (0.5, 0.0), (0.75, 0.0), (1.0, 2239274.16), ('nunique', 168748), ('mean', 2968.8048), ('std', 20796.887)]
------------------------------------------------------------------------------------------
--AMT_INST_MIN_REGULARITY: 
--NA count[ 305236 ];Numeric stat: [(0.0, 0.0), (0.25, 0.0), (0.5, 0.0), (0.75, 6633.9112), (1.0, 202882.005), ('nunique', 312266), ('mean', 3540.2041), ('std', 5600.1541)]
------------------------------------------------------------------------------------------
--AMT_PAYMENT_CURRENT: 
--NA count[ 767988 ];Numeric stat: [(0.0, 0.0), (0.25, 152.37), (0.5, 2702.7), (0.75, 9000.0), (1.0, 4289207.445), ('nunique', 163209), ('mean', 10280.5377), ('std', 36078.085)]
------------------------------------------------------------------------------------------
--AMT_PAYMENT_TOTAL_CURRENT: 
--NA count[ 0 ];Numeric stat: [(0.0, 0.0), (0.25, 0.0), (0.5, 0.0), (0.75, 6750.0), (1.0, 4278315.69), ('nunique', 182957), ('mean', 7588.8567), ('std', 32005.9878)]
------------------------------------------------------------------------------------------
--AMT_RECEIVABLE_PRINCIPAL: 
--NA count[ 0 ];Numeric stat: [(0.0, -423305.82), (0.25, 0.0), (0.5, 0.0), (0.75, 85359.24), (1.0, 1472316.795), ('nunique', 1195839), ('mean', 55965.8769), ('std', 102533.6168)]
------------------------------------------------------------------------------------------
--AMT_RECIVABLE: 
--NA count[ 0 ];Numeric stat: [(0.0, -420250.185), (0.25, 0.0), (0.5, 0.0), (0.75, 88899.4912), (1.0, 1493338.185), ('nunique', 1338878), ('mean', 58088.8112), ('std', 105965.3699)]
------------------------------------------------------------------------------------------
--AMT_TOTAL_RECEIVABLE: 
--NA count[ 0 ];Numeric stat: [(0.0, -420250.185), (0.25, 0.0), (0.5, 0.0), (0.75, 88914.51), (1.0, 1493338.185), ('nunique', 1339008), ('mean', 58098.2855), ('std', 105971.8011)]
------------------------------------------------------------------------------------------
--CNT_DRAWINGS_ATM_CURRENT: 
--NA count[ 749816 ];Numeric stat: [(0.0, 0.0), (0.25, 0.0), (0.5, 0.0), (0.75, 0.0), (1.0, 51.0), ('nunique', 44), ('mean', 0.3094), ('std', 1.1004)]
------------------------------------------------------------------------------------------
--CNT_DRAWINGS_CURRENT: 
--NA count[ 0 ];Numeric stat: [(0.0, 0.0), (0.25, 0.0), (0.5, 0.0), (0.75, 0.0), (1.0, 165.0), ('nunique', 129), ('mean', 0.7031), ('std', 3.1903)]
------------------------------------------------------------------------------------------
--CNT_DRAWINGS_OTHER_CURRENT: 
--NA count[ 749816 ];Numeric stat: [(0.0, 0.0), (0.25, 0.0), (0.5, 0.0), (0.75, 0.0), (1.0, 12.0), ('nunique', 11), ('mean', 0.0048), ('std', 0.0826)]
------------------------------------------------------------------------------------------
--CNT_DRAWINGS_POS_CURRENT: 
--NA count[ 749816 ];Numeric stat: [(0.0, 0.0), (0.25, 0.0), (0.5, 0.0), (0.75, 0.0), (1.0, 165.0), ('nunique', 133), ('mean', 0.5595), ('std', 3.2406)]
------------------------------------------------------------------------------------------
--CNT_INSTALMENT_MATURE_CUM: 
--NA count[ 305236 ];Numeric stat: [(0.0, 0.0), (0.25, 4.0), (0.5, 15.0), (0.75, 32.0), (1.0, 120.0), ('nunique', 121), ('mean', 20.8251), ('std', 20.0515)]
------------------------------------------------------------------------------------------
--NAME_CONTRACT_STATUS: 
--NA count[ 0 ];Category count: [('Active', 3698436), ('Completed', 128918), ('Signed', 11058), ('Demand', 1365), ('Sent proposal', 513), ('Refused', 17), ('Approved', 5)]
------------------------------------------------------------------------------------------
--SK_DPD: 
--NA count[ 0 ];Numeric stat: [(0.0, 0.0), (0.25, 0.0), (0.5, 0.0), (0.75, 0.0), (1.0, 3260.0), ('nunique', 917), ('mean', 9.2837), ('std', 97.5157)]
------------------------------------------------------------------------------------------
--SK_DPD_DEF: 
--NA count[ 0 ];Numeric stat: [(0.0, 0.0), (0.25, 0.0), (0.5, 0.0), (0.75, 0.0), (1.0, 3260.0), ('nunique', 378), ('mean', 0.3316), ('std', 21.4792)]
------------------------------------------------------------------------------------------
[../data\installments_payments.csv.zip] Summary info shape: (13605401, 8)
--SK_ID_PREV: 
--NA count[ 0 ];Numeric stat: [(0.0, 1000001.0), (0.25, 1434191.0), (0.5, 1896520.0), (0.75, 2369094.0), (1.0, 2843499.0), ('nunique', 997752), ('mean', 1903364.9695), ('std', 536202.9055)]
------------------------------------------------------------------------------------------
--SK_ID_CURR: 
--NA count[ 0 ];Numeric stat: [(0.0, 100001.0), (0.25, 189639.0), (0.5, 278685.0), (0.75, 367530.0), (1.0, 456255.0), ('nunique', 339587), ('mean', 278444.8817), ('std', 102718.3104)]
------------------------------------------------------------------------------------------
--NUM_INSTALMENT_VERSION: 
--NA count[ 0 ];Numeric stat: [(0.0, 0.0), (0.25, 0.0), (0.5, 1.0), (0.75, 1.0), (1.0, 178.0), ('nunique', 65), ('mean', 0.8566), ('std', 1.0352)]
------------------------------------------------------------------------------------------
--NUM_INSTALMENT_NUMBER: 
--NA count[ 0 ];Numeric stat: [(0.0, 1.0), (0.25, 4.0), (0.5, 8.0), (0.75, 19.0), (1.0, 277.0), ('nunique', 277), ('mean', 18.8709), ('std', 26.6641)]
------------------------------------------------------------------------------------------
--DAYS_INSTALMENT: 
--NA count[ 0 ];Numeric stat: [(0.0, -2922.0), (0.25, -1654.0), (0.5, -818.0), (0.75, -361.0), (1.0, -1.0), ('nunique', 2922), ('mean', -1042.27), ('std', 800.9463)]
------------------------------------------------------------------------------------------
--DAYS_ENTRY_PAYMENT: 
--NA count[ 2905 ];Numeric stat: [(0.0, -4921.0), (0.25, -1662.0), (0.5, -827.0), (0.75, -370.0), (1.0, -1.0), ('nunique', 3039), ('mean', -1051.1137), ('std', 800.5859)]
------------------------------------------------------------------------------------------
--AMT_INSTALMENT: 
--NA count[ 0 ];Numeric stat: [(0.0, 0.0), (0.25, 4226.085), (0.5, 8884.08), (0.75, 16710.21), (1.0, 3771487.845), ('nunique', 902539), ('mean', 17050.907), ('std', 50570.2544)]
------------------------------------------------------------------------------------------
--AMT_PAYMENT: 
--NA count[ 2905 ];Numeric stat: [(0.0, 0.0), (0.25, 3398.265), (0.5, 8125.515), (0.75, 16108.425), (1.0, 3771487.845), ('nunique', 944235), ('mean', 17238.2232), ('std', 54735.784)]
------------------------------------------------------------------------------------------
[../data\POS_CASH_balance.csv.zip] Summary info shape: (10001358, 8)
--SK_ID_PREV: 
--NA count[ 0 ];Numeric stat: [(0.0, 1000001.0), (0.25, 1434405.0), (0.5, 1896565.0), (0.75, 2368963.0), (1.0, 2843499.0), ('nunique', 936325), ('mean', 1903216.599), ('std', 535846.5307)]
------------------------------------------------------------------------------------------
--SK_ID_CURR: 
--NA count[ 0 ];Numeric stat: [(0.0, 100001.0), (0.25, 189550.0), (0.5, 278654.0), (0.75, 367429.0), (1.0, 456255.0), ('nunique', 337252), ('mean', 278403.8633), ('std', 102763.7451)]
------------------------------------------------------------------------------------------
--MONTHS_BALANCE: 
--NA count[ 0 ];Numeric stat: [(0.0, -96.0), (0.25, -54.0), (0.5, -28.0), (0.75, -13.0), (1.0, -1.0), ('nunique', 96), ('mean', -35.0126), ('std', 26.0666)]
------------------------------------------------------------------------------------------
--CNT_INSTALMENT: 
--NA count[ 26071 ];Numeric stat: [(0.0, 1.0), (0.25, 10.0), (0.5, 12.0), (0.75, 24.0), (1.0, 92.0), ('nunique', 73), ('mean', 17.0897), ('std', 11.9951)]
------------------------------------------------------------------------------------------
--CNT_INSTALMENT_FUTURE: 
--NA count[ 26087 ];Numeric stat: [(0.0, 0.0), (0.25, 3.0), (0.5, 7.0), (0.75, 14.0), (1.0, 85.0), ('nunique', 79), ('mean', 10.4838), ('std', 11.1091)]
------------------------------------------------------------------------------------------
--NAME_CONTRACT_STATUS: 
--NA count[ 0 ];Category count: [('Active', 9151119), ('Completed', 744883), ('Signed', 87260), ('Demand', 7065), ('Returned to the store', 5461), ('Approved', 4917), ('Amortized debt', 636), ('Canceled', 15), ('XNA', 2)]
------------------------------------------------------------------------------------------
--SK_DPD: 
--NA count[ 0 ];Numeric stat: [(0.0, 0.0), (0.25, 0.0), (0.5, 0.0), (0.75, 0.0), (1.0, 4231.0), ('nunique', 3400), ('mean', 11.6069), ('std', 132.714)]
------------------------------------------------------------------------------------------
--SK_DPD_DEF: 
--NA count[ 0 ];Numeric stat: [(0.0, 0.0), (0.25, 0.0), (0.5, 0.0), (0.75, 0.0), (1.0, 3595.0), ('nunique', 2307), ('mean', 0.6545), ('std', 32.7625)]
------------------------------------------------------------------------------------------
[../data\previous_application.csv.zip] Summary info shape: (1670214, 37)
--SK_ID_PREV: 
--NA count[ 0 ];Numeric stat: [(0.0, 1000001.0), (0.25, 1461857.25), (0.5, 1923110.5), (0.75, 2384279.75), (1.0, 2845382.0), ('nunique', 1670214), ('mean', 1923089.1353), ('std', 532597.9587)]
------------------------------------------------------------------------------------------
--SK_ID_CURR: 
--NA count[ 0 ];Numeric stat: [(0.0, 100001.0), (0.25, 189329.0), (0.5, 278714.5), (0.75, 367514.0), (1.0, 456255.0), ('nunique', 338857), ('mean', 278357.1741), ('std', 102814.8238)]
------------------------------------------------------------------------------------------
--NAME_CONTRACT_TYPE: 
--NA count[ 0 ];Category count: [('Cash loans', 747553), ('Consumer loans', 729151), ('Revolving loans', 193164), ('XNA', 346)]
------------------------------------------------------------------------------------------
--AMT_ANNUITY: 
--NA count[ 372235 ];Numeric stat: [(0.0, 0.0), (0.25, 6321.78), (0.5, 11250.0), (0.75, 20658.42), (1.0, 418058.145), ('nunique', 357959), ('mean', 15955.1207), ('std', 14782.1373)]
------------------------------------------------------------------------------------------
--AMT_APPLICATION: 
--NA count[ 0 ];Numeric stat: [(0.0, 0.0), (0.25, 18720.0), (0.5, 71046.0), (0.75, 180360.0), (1.0, 6905160.0), ('nunique', 93885), ('mean', 175233.8604), ('std', 292779.7624)]
------------------------------------------------------------------------------------------
--AMT_CREDIT: 
--NA count[ 1 ];Numeric stat: [(0.0, 0.0), (0.25, 24160.5), (0.5, 80541.0), (0.75, 216418.5), (1.0, 6905160.0), ('nunique', 86803), ('mean', 196114.0212), ('std', 318574.6165)]
------------------------------------------------------------------------------------------
--AMT_DOWN_PAYMENT: 
--NA count[ 895844 ];Numeric stat: [(0.0, -0.9), (0.25, 0.0), (0.5, 1638.0), (0.75, 7740.0), (1.0, 3060045.0), ('nunique', 29278), ('mean', 6697.4021), ('std', 20921.4954)]
------------------------------------------------------------------------------------------
--AMT_GOODS_PRICE: 
--NA count[ 385515 ];Numeric stat: [(0.0, 0.0), (0.25, 50841.0), (0.5, 112320.0), (0.75, 234000.0), (1.0, 6905160.0), ('nunique', 93885), ('mean', 227847.2793), ('std', 315396.5579)]
------------------------------------------------------------------------------------------
--WEEKDAY_APPR_PROCESS_START: 
--NA count[ 0 ];Category count: [('TUESDAY', 255118), ('WEDNESDAY', 255010), ('MONDAY', 253557), ('FRIDAY', 252048), ('THURSDAY', 249099), ('SATURDAY', 240631), ('SUNDAY', 164751)]
------------------------------------------------------------------------------------------
--HOUR_APPR_PROCESS_START: 
--NA count[ 0 ];Numeric stat: [(0.0, 0.0), (0.25, 10.0), (0.5, 12.0), (0.75, 15.0), (1.0, 23.0), ('nunique', 24), ('mean', 12.4842), ('std', 3.334)]
------------------------------------------------------------------------------------------
--FLAG_LAST_APPL_PER_CONTRACT: 
--NA count[ 0 ];Category count: [('Y', 1661739), ('N', 8475)]
------------------------------------------------------------------------------------------
--NFLAG_LAST_APPL_IN_DAY: 
--NA count[ 0 ];Numeric stat: [(0.0, 0.0), (0.25, 1.0), (0.5, 1.0), (0.75, 1.0), (1.0, 1.0), ('nunique', 2), ('mean', 0.9965), ('std', 0.0593)]
------------------------------------------------------------------------------------------
--RATE_DOWN_PAYMENT: 
--NA count[ 895844 ];Numeric stat: [(0.0, -0.0), (0.25, 0.0), (0.5, 0.0516), (0.75, 0.1089), (1.0, 1.0), ('nunique', 207033), ('mean', 0.0796), ('std', 0.1078)]
------------------------------------------------------------------------------------------
--RATE_INTEREST_PRIMARY: 
--NA count[ 1664263 ];Numeric stat: [(0.0, 0.0348), (0.25, 0.1607), (0.5, 0.1891), (0.75, 0.1933), (1.0, 1.0), ('nunique', 148), ('mean', 0.1884), ('std', 0.0877)]
------------------------------------------------------------------------------------------
--RATE_INTEREST_PRIVILEGED: 
--NA count[ 1664263 ];Numeric stat: [(0.0, 0.3732), (0.25, 0.7156), (0.5, 0.8351), (0.75, 0.8525), (1.0, 1.0), ('nunique', 25), ('mean', 0.7735), ('std', 0.1009)]
------------------------------------------------------------------------------------------
--NAME_CASH_LOAN_PURPOSE: 
--NA count[ 0 ];Category count: [('XAP', 922661), ('XNA', 677918), ('Repairs', 23765), ('Other', 15608), ('Urgent needs', 8412), ('Buying a used car', 2888), ('Building a house or an annex', 2693), ('Everyday expenses', 2416), ('Medicine', 2174), ('Payments on other loans', 1931), ('Education', 1573), ('Journey', 1239), ('Purchase of electronic equipment', 1061), ('Buying a new car', 1012), ('Wedding / gift / holiday', 962), ('Buying a home', 865), ('Car repairs', 797), ('Furniture', 749), ('Buying a holiday home / land', 533), ('Business development', 426), ('Gasification / water supply', 300), ('Buying a garage', 136), ('Hobby', 55), ('Money for a third person', 25), ('Refusal to name the goal', 15)]
------------------------------------------------------------------------------------------
--NAME_CONTRACT_STATUS: 
--NA count[ 0 ];Category count: [('Approved', 1036781), ('Canceled', 316319), ('Refused', 290678), ('Unused offer', 26436)]
------------------------------------------------------------------------------------------
--DAYS_DECISION: 
--NA count[ 0 ];Numeric stat: [(0.0, -2922.0), (0.25, -1300.0), (0.5, -581.0), (0.75, -280.0), (1.0, -1.0), ('nunique', 2922), ('mean', -880.6797), ('std', 779.0997)]
------------------------------------------------------------------------------------------
--NAME_PAYMENT_TYPE: 
--NA count[ 0 ];Category count: [('Cash through the bank', 1033552), ('XNA', 627384), ('Non-cash from your account', 8193), ('Cashless from the account of the employer', 1085)]
------------------------------------------------------------------------------------------
--CODE_REJECT_REASON: 
--NA count[ 0 ];Category count: [('XAP', 1353093), ('HC', 175231), ('LIMIT', 55680), ('SCO', 37467), ('CLIENT', 26436), ('SCOFR', 12811), ('XNA', 5244), ('VERIF', 3535), ('SYSTEM', 717)]
------------------------------------------------------------------------------------------
--NAME_TYPE_SUITE: 
--NA count[ 820405 ];Category count: [('Unaccompanied', 508970), ('Family', 213263), ('Spouse, partner', 67069), ('Children', 31566), ('Other_B', 17624), ('Other_A', 9077), ('Group of people', 2240)]
------------------------------------------------------------------------------------------
--NAME_CLIENT_TYPE: 
--NA count[ 0 ];Category count: [('Repeater', 1231261), ('New', 301363), ('Refreshed', 135649), ('XNA', 1941)]
------------------------------------------------------------------------------------------
--NAME_GOODS_CATEGORY: 
--NA count[ 0 ];Category count: [('XNA', 950809), ('Mobile', 224708), ('Consumer Electronics', 121576), ('Computers', 105769), ('Audio/Video', 99441), ('Furniture', 53656), ('Photo / Cinema Equipment', 25021), ('Construction Materials', 24995), ('Clothing and Accessories', 23554), ('Auto Accessories', 7381), ('Jewelry', 6290), ('Homewares', 5023), ('Medical Supplies', 3843), ('Vehicles', 3370), ('Sport and Leisure', 2981), ('Gardening', 2668), ('Other', 2554), ('Office Appliances', 2333), ('Tourism', 1659), ('Medicine', 1550), ('Direct Sales', 446), ('Fitness', 209), ('Additional Service', 128), ('Education', 107), ('Weapon', 77), ('Insurance', 64), ('House Construction', 1), ('Animals', 1)]
------------------------------------------------------------------------------------------
--NAME_PORTFOLIO: 
--NA count[ 0 ];Category count: [('POS', 691011), ('Cash', 461563), ('XNA', 372230), ('Cards', 144985), ('Cars', 425)]
------------------------------------------------------------------------------------------
--NAME_PRODUCT_TYPE: 
--NA count[ 0 ];Category count: [('XNA', 1063666), ('x-sell', 456287), ('walk-in', 150261)]
------------------------------------------------------------------------------------------
--CHANNEL_TYPE: 
--NA count[ 0 ];Category count: [('Credit and cash offices', 719968), ('Country-wide', 494690), ('Stone', 212083), ('Regional / Local', 108528), ('Contact center', 71297), ('AP+ (Cash loan)', 57046), ('Channel of corporate sales', 6150), ('Car dealer', 452)]
------------------------------------------------------------------------------------------
--SELLERPLACE_AREA: 
--NA count[ 0 ];Numeric stat: [(0.0, -1.0), (0.25, -1.0), (0.5, 3.0), (0.75, 82.0), (1.0, 4000000.0), ('nunique', 2097), ('mean', 313.9511), ('std', 7127.4435)]
------------------------------------------------------------------------------------------
--NAME_SELLER_INDUSTRY: 
--NA count[ 0 ];Category count: [('XNA', 855720), ('Consumer electronics', 398265), ('Connectivity', 276029), ('Furniture', 57849), ('Construction', 29781), ('Clothing', 23949), ('Industry', 19194), ('Auto technology', 4990), ('Jewelry', 2709), ('MLM partners', 1215), ('Tourism', 513)]
------------------------------------------------------------------------------------------
--CNT_PAYMENT: 
--NA count[ 372230 ];Numeric stat: [(0.0, 0.0), (0.25, 6.0), (0.5, 12.0), (0.75, 24.0), (1.0, 84.0), ('nunique', 49), ('mean', 16.0541), ('std', 14.5673)]
------------------------------------------------------------------------------------------
--NAME_YIELD_GROUP: 
--NA count[ 0 ];Category count: [('XNA', 517215), ('middle', 385532), ('high', 353331), ('low_normal', 322095), ('low_action', 92041)]
------------------------------------------------------------------------------------------
--PRODUCT_COMBINATION: 
--NA count[ 346 ];Category count: [('Cash', 285990), ('POS household with interest', 263622), ('POS mobile with interest', 220670), ('Cash X-Sell: middle', 143883), ('Cash X-Sell: low', 130248), ('Card Street', 112582), ('POS industry with interest', 98833), ('POS household without interest', 82908), ('Card X-Sell', 80582), ('Cash Street: high', 59639), ('Cash X-Sell: high', 59301), ('Cash Street: middle', 34658), ('Cash Street: low', 33834), ('POS mobile without interest', 24082), ('POS other with interest', 23879), ('POS industry without interest', 12602), ('POS others without interest', 2555)]
------------------------------------------------------------------------------------------
--DAYS_FIRST_DRAWING: 
--NA count[ 673065 ];Numeric stat: [(0.0, -2922.0), (0.25, 365243.0), (0.5, 365243.0), (0.75, 365243.0), (1.0, 365243.0), ('nunique', 2838), ('mean', 342209.855), ('std', 88916.1158)]
------------------------------------------------------------------------------------------
--DAYS_FIRST_DUE: 
--NA count[ 673065 ];Numeric stat: [(0.0, -2892.0), (0.25, -1628.0), (0.5, -831.0), (0.75, -411.0), (1.0, 365243.0), ('nunique', 2892), ('mean', 13826.2693), ('std', 72444.8697)]
------------------------------------------------------------------------------------------
--DAYS_LAST_DUE_1ST_VERSION: 
--NA count[ 673065 ];Numeric stat: [(0.0, -2801.0), (0.25, -1242.0), (0.5, -361.0), (0.75, 129.0), (1.0, 365243.0), ('nunique', 4605), ('mean', 33767.7741), ('std', 106857.0348)]
------------------------------------------------------------------------------------------
--DAYS_LAST_DUE: 
--NA count[ 673065 ];Numeric stat: [(0.0, -2889.0), (0.25, -1314.0), (0.5, -537.0), (0.75, -74.0), (1.0, 365243.0), ('nunique', 2873), ('mean', 76582.4031), ('std', 149647.4151)]
------------------------------------------------------------------------------------------
--DAYS_TERMINATION: 
--NA count[ 673065 ];Numeric stat: [(0.0, -2874.0), (0.25, -1270.0), (0.5, -499.0), (0.75, -44.0), (1.0, 365243.0), ('nunique', 2830), ('mean', 81992.3438), ('std', 153303.5167)]
------------------------------------------------------------------------------------------
--NFLAG_INSURED_ON_APPROVAL: 
--NA count[ 673065 ];Numeric stat: [(0.0, 0.0), (0.25, 0.0), (0.5, 0.0), (0.75, 1.0), (1.0, 1.0), ('nunique', 2), ('mean', 0.3326), ('std', 0.4711)]
------------------------------------------------------------------------------------------
[../data\sample_submission.csv.zip] Summary info shape: (48744, 2)
--SK_ID_CURR: 
--NA count[ 0 ];Numeric stat: [(0.0, 100001.0), (0.25, 188557.75), (0.5, 277549.0), (0.75, 367555.5), (1.0, 456250.0), ('nunique', 48744), ('mean', 277796.6763), ('std', 103169.5473)]
------------------------------------------------------------------------------------------
--TARGET: 
--NA count[ 0 ];Numeric stat: [(0.0, 0.5), (0.25, 0.5), (0.5, 0.5), (0.75, 0.5), (1.0, 0.5), ('nunique', 1), ('mean', 0.5), ('std', 0.0)]
------------------------------------------------------------------------------------------
